 * Serving Flask app 'app'
 * Debug mode: off
登录成功！
数据处理中，具体进度如下：
处理公寓11数据，page_num=3
查询第0页
查询第1页
查询第2页
共55条记录
处理公寓12数据，page_num=4
查询第0页
查询第1页
查询第2页
查询第3页
共71条记录
登录成功！
数据处理中，具体进度如下：
处理公寓4数据，page_num=3
查询第0页
查询第1页
查询第2页
共43条记录
处理公寓5数据，page_num=4
查询第0页
查询第1页
查询第2页
查询第3页
共69条记录
处理公寓7数据，page_num=3
查询第0页
查询第1页
查询第2页
共60条记录
登录成功！
数据处理中，具体进度如下：
处理公寓11数据，page_num=0
共0条记录
处理公寓12数据，page_num=0
共0条记录
登录成功！
数据处理中，具体进度如下：
处理公寓11数据，page_num=0
共0条记录
处理公寓12数据，page_num=0
共0条记录
登录成功！
数据处理中，具体进度如下：
处理公寓4数据，page_num=2
查询第0页
查询第1页
共21条记录
处理公寓5数据，page_num=3
查询第0页
查询第1页
查询第2页
共41条记录
处理公寓7数据，page_num=3
查询第0页
查询第1页
查询第2页
共43条记录
当前日期 2025-06-02 大于目标日期 2025-06-01，请注册后使用
登录成功！
数据处理中，具体进度如下：
处理公寓11数据，page_num=2
查询第0页
查询第1页
共30条记录
处理公寓12数据，page_num=2
查询第0页
查询第1页
共40条记录
当前日期 2025-06-02 大于目标日期 2025-06-01，请注册后使用
登录成功！
数据处理中，具体进度如下：
处理公寓11数据，page_num=2
查询第0页
查询第1页
共30条记录
处理公寓12数据，page_num=2
查询第0页
查询第1页
共40条记录
当前日期 2025-06-02 大于目标日期 2025-06-01，请注册后使用
登录成功！
数据处理中，具体进度如下：
处理公寓4数据，page_num=2
查询第0页
查询第1页
共21条记录
处理公寓5数据，page_num=2
查询第0页
查询第1页
共23条记录
处理公寓7数据，page_num=3
查询第0页
查询第1页
查询第2页
共52条记录
当前日期 2025-06-03 大于目标日期 2025-06-01，请注册后使用
登录成功！
数据处理中，具体进度如下：
处理公寓11数据，page_num=2
查询第0页
查询第1页
共24条记录
处理公寓12数据，page_num=2
查询第0页
查询第1页
共32条记录
当前日期 2025-06-03 大于目标日期 2025-06-01，请注册后使用
登录成功！
数据处理中，具体进度如下：
处理公寓4数据，page_num=1
查询第0页
共19条记录
处理公寓5数据，page_num=2
查询第0页
查询第1页
共38条记录
处理公寓7数据，page_num=2
查询第0页
查询第1页
共37条记录
当前日期 2025-06-04 大于目标日期 2025-06-01，请注册后使用
登录成功！
数据处理中，具体进度如下：
处理公寓11数据，page_num=2
查询第0页
查询第1页
共38条记录
处理公寓12数据，page_num=3
查询第0页
查询第1页
查询第2页
共58条记录
当前日期 2025-06-04 大于目标日期 2025-06-01，请注册后使用
登录成功！
数据处理中，具体进度如下：
处理公寓4数据，page_num=1
查询第0页
共10条记录
处理公寓5数据，page_num=3
查询第0页
查询第1页
查询第2页
共41条记录
处理公寓7数据，page_num=3
查询第0页
查询第1页
查询第2页
共43条记录
当前日期 2025-06-05 大于目标日期 2025-06-01，请注册后使用
登录成功！
数据处理中，具体进度如下：
处理公寓4数据，page_num=2
查询第0页
查询第1页
共30条记录
处理公寓5数据，page_num=3
查询第0页
查询第1页
查询第2页
共41条记录
处理公寓7数据，page_num=3
查询第0页
查询第1页
查询第2页
共42条记录
当前日期 2025-06-05 大于目标日期 2025-06-01，请注册后使用
登录成功！
数据处理中，具体进度如下：
处理公寓11数据，page_num=2
查询第0页
查询第1页
共37条记录
处理公寓12数据，page_num=3
查询第0页
查询第1页
查询第2页
共42条记录
当前日期 2025-06-06 大于目标日期 2025-06-01，请注册后使用
登录成功！
数据处理中，具体进度如下：
处理公寓4数据，page_num=3
查询第0页
查询第1页
查询第2页
共47条记录
处理公寓5数据，page_num=3
查询第0页
查询第1页
查询第2页
共58条记录
处理公寓7数据，page_num=5
查询第0页
查询第1页
查询第2页
查询第3页
查询第4页
共95条记录
当前日期 2025-06-06 大于目标日期 2025-06-01，请注册后使用
登录成功！
数据处理中，具体进度如下：
处理公寓11数据，page_num=4
查询第0页
查询第1页
查询第2页
查询第3页
共73条记录
处理公寓12数据，page_num=4
查询第0页
查询第1页
查询第2页
查询第3页
共78条记录
当前日期 2025-06-06 大于目标日期 2025-06-01，请注册后使用
登录成功！
数据处理中，具体进度如下：
处理公寓4数据，page_num=2
查询第0页
查询第1页
共35条记录
处理公寓5数据，page_num=3
查询第0页
查询第1页
查询第2页
共48条记录
处理公寓7数据，page_num=4
查询第0页
查询第1页
查询第2页
查询第3页
共80条记录
当前日期 2025-06-07 大于目标日期 2025-06-01，请注册后使用
登录成功！
数据处理中，具体进度如下：
处理公寓11数据，page_num=4
查询第0页
查询第1页
查询第2页
查询第3页
共64条记录
处理公寓12数据，page_num=4
查询第0页
查询第1页
查询第2页
查询第3页
共78条记录
当前日期 2025-06-07 大于目标日期 2025-06-01，请注册后使用
登录成功！
数据处理中，具体进度如下：
处理公寓4数据，page_num=2
查询第0页
查询第1页
共31条记录
处理公寓5数据，page_num=4
查询第0页
查询第1页
查询第2页
查询第3页
共62条记录
处理公寓7数据，page_num=4
查询第0页
查询第1页
查询第2页
查询第3页
共68条记录
当前日期 2025-06-08 大于目标日期 2025-06-01，请注册后使用
登录成功！
数据处理中，具体进度如下：
处理公寓11数据，page_num=2
查询第0页
查询第1页
共38条记录
处理公寓12数据，page_num=4
查询第0页
查询第1页
查询第2页
查询第3页
共76条记录
当前日期 2025-06-08 大于目标日期 2025-06-01，请注册后使用
登录成功！
数据处理中，具体进度如下：
处理公寓4数据，page_num=2
查询第0页
查询第1页
共37条记录
处理公寓5数据，page_num=3
查询第0页
查询第1页
查询第2页
共54条记录
处理公寓7数据，page_num=3
查询第0页
查询第1页
查询第2页
共45条记录
当前日期 2025-06-08 大于目标日期 2025-06-01，请注册后使用
登录成功！
数据处理中，具体进度如下：
处理公寓4数据，page_num=2
查询第0页
查询第1页
共37条记录
处理公寓5数据，page_num=3
查询第0页
查询第1页
查询第2页
共54条记录
处理公寓7数据，page_num=3
查询第0页
查询第1页
查询第2页
共45条记录
处理公寓11数据，page_num=2
查询第0页
查询第1页
共30条记录
处理公寓12数据，page_num=4
查询第0页
查询第1页
查询第2页
查询第3页
共62条记录
当前日期 2025-06-09 大于目标日期 2025-06-01，请注册后使用
登录成功！
数据处理中，具体进度如下：
处理公寓4数据，page_num=2
查询第0页
查询第1页
共23条记录
处理公寓5数据，page_num=2
查询第0页
查询第1页
共36条记录
处理公寓7数据，page_num=2
查询第0页
查询第1页
共38条记录
当前日期 2025-06-09 大于目标日期 2025-06-01，请注册后使用
登录成功！
数据处理中，具体进度如下：
处理公寓11数据，page_num=2
查询第0页
查询第1页
共39条记录
处理公寓12数据，page_num=4
查询第0页
查询第1页
查询第2页
查询第3页
共62条记录
当前日期 2025-06-10 大于目标日期 2025-06-01，请注册后使用
登录成功！
数据处理中，具体进度如下：
处理公寓11数据，page_num=2
查询第0页
查询第1页
共28条记录
处理公寓12数据，page_num=2
查询第0页
查询第1页
共29条记录
当前日期 2025-06-10 大于目标日期 2025-06-01，请注册后使用
登录成功！
数据处理中，具体进度如下：
处理公寓4数据，page_num=1
查询第0页
共18条记录
处理公寓5数据，page_num=3
查询第0页
查询第1页
查询第2页
共47条记录
处理公寓7数据，page_num=2
查询第0页
查询第1页
共38条记录
当前日期 2025-06-11 大于目标日期 2025-06-01，请注册后使用
登录成功！
数据处理中，具体进度如下：
处理公寓11数据，page_num=2
查询第0页
查询第1页
共37条记录
处理公寓12数据，page_num=3
查询第0页
查询第1页
查询第2页
共47条记录
当前日期 2025-06-11 大于目标日期 2025-06-01，请注册后使用
登录成功！
数据处理中，具体进度如下：
处理公寓4数据，page_num=3
查询第0页
查询第1页
查询第2页
共42条记录
处理公寓5数据，page_num=4
查询第0页
查询第1页
查询第2页
查询第3页
共64条记录
处理公寓7数据，page_num=3
查询第0页
查询第1页
查询第2页
共44条记录
当前日期 2025-06-12 大于目标日期 2025-06-01，请注册后使用
登录成功！
数据处理中，具体进度如下：
处理公寓11数据，page_num=3
查询第0页
查询第1页
查询第2页
共44条记录
处理公寓12数据，page_num=4
查询第0页
查询第1页
查询第2页
查询第3页
共69条记录
当前日期 2025-06-12 大于目标日期 2025-06-01，请注册后使用
登录成功！
数据处理中，具体进度如下：
处理公寓4数据，page_num=2
查询第0页
查询第1页
共39条记录
处理公寓5数据，page_num=3
查询第0页
查询第1页
查询第2页
共57条记录
处理公寓7数据，page_num=3
查询第0页
查询第1页
查询第2页
共49条记录
当前日期 2025-06-13 大于目标日期 2025-06-01，请注册后使用
登录成功！
数据处理中，具体进度如下：
处理公寓4数据，page_num=3
查询第0页
查询第1页
查询第2页
共46条记录
处理公寓5数据，page_num=3
查询第0页
查询第1页
查询第2页
共48条记录
处理公寓7数据，page_num=3
查询第0页
查询第1页
查询第2页
共43条记录
当前日期 2025-06-13 大于目标日期 2025-06-01，请注册后使用
登录成功！
数据处理中，具体进度如下：
处理公寓11数据，page_num=4
查询第0页
查询第1页
查询第2页
查询第3页
共77条记录
处理公寓12数据，page_num=4
查询第0页
查询第1页
查询第2页
查询第3页
共62条记录
当前日期 2025-06-14 大于目标日期 2025-06-01，请注册后使用
登录成功！
数据处理中，具体进度如下：
处理公寓11数据，page_num=2
查询第0页
查询第1页
共36条记录
处理公寓12数据，page_num=3
查询第0页
查询第1页
查询第2页
共41条记录
当前日期 2025-06-14 大于目标日期 2025-06-01，请注册后使用
登录成功！
数据处理中，具体进度如下：
处理公寓4数据，page_num=1
查询第0页
共11条记录
处理公寓5数据，page_num=3
查询第0页
查询第1页
查询第2页
共47条记录
处理公寓7数据，page_num=2
查询第0页
查询第1页
共28条记录
当前日期 2025-06-15 大于目标日期 2025-06-01，请注册后使用
登录成功！
数据处理中，具体进度如下：
处理公寓11数据，page_num=2
查询第0页
查询第1页
共25条记录
处理公寓12数据，page_num=3
查询第0页
查询第1页
查询第2页
共42条记录
当前日期 2025-06-15 大于目标日期 2025-06-01，请注册后使用
登录成功！
数据处理中，具体进度如下：
处理公寓4数据，page_num=2
查询第0页
查询第1页
共24条记录
处理公寓5数据，page_num=2
查询第0页
查询第1页
共36条记录
处理公寓7数据，page_num=3
查询第0页
查询第1页
查询第2页
共45条记录
当前日期 2025-06-16 大于目标日期 2025-06-01，请注册后使用
登录成功！
数据处理中，具体进度如下：
处理公寓11数据，page_num=2
查询第0页
查询第1页
共33条记录
处理公寓12数据，page_num=3
查询第0页
查询第1页
查询第2页
共49条记录
当前日期 2025-06-16 大于目标日期 2025-06-01，请注册后使用
登录成功！
数据处理中，具体进度如下：
处理公寓4数据，page_num=2
查询第0页
查询第1页
共22条记录
处理公寓5数据，page_num=3
查询第0页
查询第1页
查询第2页
共41条记录
处理公寓7数据，page_num=2
查询第0页
查询第1页
共32条记录
当前日期 2025-06-17 大于目标日期 2025-06-01，请注册后使用
登录成功！
数据处理中，具体进度如下：
处理公寓11数据，page_num=3
查询第0页
查询第1页
查询第2页
共41条记录
处理公寓12数据，page_num=3
查询第0页
查询第1页
查询第2页
共44条记录
当前日期 2025-06-17 大于目标日期 2025-06-01，请注册后使用
登录成功！
数据处理中，具体进度如下：
处理公寓4数据，page_num=1
查询第0页
共7条记录
处理公寓5数据，page_num=2
查询第0页
查询第1页
共24条记录
处理公寓7数据，page_num=3
查询第0页
查询第1页
查询第2页
共51条记录
当前日期 2025-06-18 大于目标日期 2025-06-01，请注册后使用
登录成功！
数据处理中，具体进度如下：
处理公寓11数据，page_num=2
查询第0页
查询第1页
共36条记录
处理公寓12数据，page_num=2
查询第0页
查询第1页
共36条记录
当前日期 2025-06-18 大于目标日期 2025-06-01，请注册后使用
登录成功！
数据处理中，具体进度如下：
处理公寓4数据，page_num=2
查询第0页
查询第1页
共30条记录
处理公寓5数据，page_num=2
查询第0页
查询第1页
共39条记录
处理公寓7数据，page_num=2
查询第0页
查询第1页
共36条记录
当前日期 2025-06-19 大于目标日期 2025-06-01，请注册后使用
登录成功！
数据处理中，具体进度如下：
处理公寓11数据，page_num=0
共0条记录
处理公寓12数据，page_num=0
共0条记录
当前日期 2025-06-19 大于目标日期 2025-06-01，请注册后使用
登录成功！
数据处理中，具体进度如下：
处理公寓4数据，page_num=0
共0条记录
处理公寓5数据，page_num=0
共0条记录
处理公寓7数据，page_num=0
共0条记录
当前日期 2025-06-20 大于目标日期 2025-06-01，请注册后使用
登录成功！
数据处理中，具体进度如下：
处理公寓4数据，page_num=2
查询第0页
查询第1页
共26条记录
处理公寓5数据，page_num=2
查询第0页
查询第1页
共31条记录
处理公寓7数据，page_num=2
查询第0页
查询第1页
共29条记录
当前日期 2025-06-20 大于目标日期 2025-06-01，请注册后使用
登录成功！
数据处理中，具体进度如下：
处理公寓11数据，page_num=2
查询第0页
查询第1页
共33条记录
处理公寓12数据，page_num=2
查询第0页
查询第1页
共36条记录
当前日期 2025-06-21 大于目标日期 2025-06-01，请注册后使用
登录成功！
数据处理中，具体进度如下：
处理公寓11数据，page_num=2
查询第0页
查询第1页
共37条记录
处理公寓12数据，page_num=4
查询第0页
查询第1页
查询第2页
查询第3页
共62条记录
当前日期 2025-06-21 大于目标日期 2025-06-01，请注册后使用
登录成功！
数据处理中，具体进度如下：
处理公寓4数据，page_num=2
查询第0页
查询第1页
共39条记录
处理公寓5数据，page_num=3
查询第0页
查询第1页
查询第2页
共48条记录
处理公寓7数据，page_num=3
查询第0页
查询第1页
查询第2页
共53条记录
当前日期 2025-06-22 大于目标日期 2025-06-01，请注册后使用
登录成功！
数据处理中，具体进度如下：
当前日期 2025-06-22 大于目标日期 2025-06-01，请注册后使用
登录成功！
数据处理中，具体进度如下：
处理公寓11数据，page_num=3
查询第0页
查询第1页
查询第2页
共49条记录
处理公寓12数据，page_num=4
查询第0页
查询第1页
查询第2页
查询第3页
共61条记录
当前日期 2025-06-22 大于目标日期 2025-06-01，请注册后使用
登录成功！
数据处理中，具体进度如下：
处理公寓4数据，page_num=1
查询第0页
共15条记录
处理公寓5数据，page_num=2
查询第0页
查询第1页
共35条记录
处理公寓7数据，page_num=2
查询第0页
查询第1页
共35条记录
当前日期 2025-06-23 大于目标日期 2025-06-01，请注册后使用
登录成功！
数据处理中，具体进度如下：
处理公寓4数据，page_num=2
查询第0页
查询第1页
共23条记录
处理公寓5数据，page_num=2
查询第0页
查询第1页
共30条记录
处理公寓7数据，page_num=3
查询第0页
查询第1页
查询第2页
共41条记录
当前日期 2025-06-23 大于目标日期 2025-06-01，请注册后使用
登录成功！
数据处理中，具体进度如下：
处理公寓4数据，page_num=2
查询第0页
查询第1页
共37条记录
处理公寓5数据，page_num=2
查询第0页
查询第1页
共35条记录
处理公寓7数据，page_num=3
查询第0页
查询第1页
查询第2页
共53条记录
当前日期 2025-06-23 大于目标日期 2025-06-01，请注册后使用
登录成功！
数据处理中，具体进度如下：
处理公寓11数据，page_num=2
查询第0页
查询第1页
共33条记录
处理公寓12数据，page_num=2
查询第0页
查询第1页
共21条记录
当前日期 2025-06-24 大于目标日期 2025-06-01，请注册后使用
登录成功！
数据处理中，具体进度如下：
处理公寓11数据，page_num=3
查询第0页
查询第1页
查询第2页
共49条记录
处理公寓12数据，page_num=2
查询第0页
查询第1页
共36条记录
当前日期 2025-06-24 大于目标日期 2025-06-01，请注册后使用
登录成功！
数据处理中，具体进度如下：
处理公寓4数据，page_num=2
查询第0页
查询第1页
共28条记录
处理公寓5数据，page_num=2
查询第0页
查询第1页
共34条记录
处理公寓7数据，page_num=3
查询第0页
查询第1页
查询第2页
共49条记录
当前日期 2025-06-25 大于目标日期 2025-06-01，请注册后使用
登录成功！
数据处理中，具体进度如下：
处理公寓11数据，page_num=3
查询第0页
查询第1页
查询第2页
共49条记录
处理公寓12数据，page_num=3
查询第0页
查询第1页
查询第2页
共43条记录
当前日期 2025-06-25 大于目标日期 2025-06-01，请注册后使用
登录成功！
数据处理中，具体进度如下：
处理公寓4数据，page_num=2
查询第0页
查询第1页
共34条记录
处理公寓5数据，page_num=2
查询第0页
查询第1页
共28条记录
处理公寓7数据，page_num=4
查询第0页
查询第1页
查询第2页
查询第3页
共61条记录
当前日期 2025-06-26 大于目标日期 2025-06-01，请注册后使用
登录成功！
数据处理中，具体进度如下：
处理公寓11数据，page_num=2
查询第0页
查询第1页
共40条记录
处理公寓12数据，page_num=3
查询第0页
查询第1页
查询第2页
共50条记录
当前日期 2025-06-26 大于目标日期 2025-06-01，请注册后使用
登录成功！
数据处理中，具体进度如下：
处理公寓4数据，page_num=2
查询第0页
查询第1页
共32条记录
处理公寓5数据，page_num=2
查询第0页
查询第1页
共26条记录
处理公寓7数据，page_num=3
查询第0页
查询第1页
查询第2页
共48条记录
当前日期 2025-06-27 大于目标日期 2025-06-01，请注册后使用
登录成功！
数据处理中，具体进度如下：
处理公寓11数据，page_num=2
查询第0页
查询第1页
共40条记录
处理公寓12数据，page_num=2
查询第0页
查询第1页
共35条记录
当前日期 2025-06-27 大于目标日期 2025-06-01，请注册后使用
登录成功！
数据处理中，具体进度如下：
处理公寓4数据，page_num=2
查询第0页
查询第1页
共32条记录
处理公寓5数据，page_num=2
查询第0页
查询第1页
共23条记录
处理公寓7数据，page_num=3
查询第0页
查询第1页
查询第2页
共53条记录
当前日期 2025-06-28 大于目标日期 2025-06-01，请注册后使用
登录成功！
数据处理中，具体进度如下：
处理公寓11数据，page_num=2
查询第0页
查询第1页
共29条记录
处理公寓12数据，page_num=3
查询第0页
查询第1页
查询第2页
共49条记录
当前日期 2025-06-28 大于目标日期 2025-06-01，请注册后使用
登录成功！
数据处理中，具体进度如下：
处理公寓4数据，page_num=2
查询第0页
查询第1页
共30条记录
处理公寓5数据，page_num=1
查询第0页
共7条记录
处理公寓7数据，page_num=2
查询第0页
查询第1页
共26条记录
当前日期 2025-06-29 大于目标日期 2025-06-01，请注册后使用
登录成功！
数据处理中，具体进度如下：
处理公寓11数据，page_num=2
查询第0页
查询第1页
共26条记录
处理公寓12数据，page_num=2
查询第0页
查询第1页
共32条记录
当前日期 2025-06-29 大于目标日期 2025-06-01，请注册后使用
登录成功！
数据处理中，具体进度如下：
处理公寓4数据，page_num=1
查询第0页
共19条记录
处理公寓5数据，page_num=2
查询第0页
查询第1页
共26条记录
处理公寓7数据，page_num=3
查询第0页
查询第1页
查询第2页
共41条记录
当前日期 2025-06-30 大于目标日期 2025-06-01，请注册后使用
登录成功！
数据处理中，具体进度如下：
处理公寓11数据，page_num=1
查询第0页
共13条记录
处理公寓12数据，page_num=2
查询第0页
查询第1页
共24条记录
当前日期 2025-06-30 大于目标日期 2025-06-01，请注册后使用
登录成功！
数据处理中，具体进度如下：
处理公寓11数据，page_num=1
查询第0页
共13条记录
处理公寓12数据，page_num=2
查询第0页
查询第1页
共24条记录
当前日期 2025-06-30 大于目标日期 2025-06-01，请注册后使用
登录成功！
数据处理中，具体进度如下：
处理公寓4数据，page_num=1
查询第0页
共9条记录
处理公寓5数据，page_num=1
查询第0页
共7条记录
处理公寓7数据，page_num=3
查询第0页
查询第1页
查询第2页
共41条记录
当前日期 2025-07-01 大于目标日期 2025-06-01，请注册后使用
登录成功！
数据处理中，具体进度如下：
处理公寓11数据，page_num=2
查询第0页
查询第1页
共32条记录
处理公寓12数据，page_num=2
查询第0页
查询第1页
共30条记录
当前日期 2025-07-01 大于目标日期 2025-06-01，请注册后使用
登录成功！
数据处理中，具体进度如下：
处理公寓4数据，page_num=1
查询第0页
共14条记录
处理公寓5数据，page_num=1
查询第0页
共17条记录
处理公寓7数据，page_num=2
查询第0页
查询第1页
共39条记录
当前日期 2025-07-02 大于目标日期 2025-06-01，请注册后使用
登录成功！
数据处理中，具体进度如下：
处理公寓11数据，page_num=2
查询第0页
查询第1页
共35条记录
处理公寓12数据，page_num=2
查询第0页
查询第1页
共36条记录
当前日期 2025-07-02 大于目标日期 2025-06-01，请注册后使用
登录成功！
数据处理中，具体进度如下：
处理公寓4数据，page_num=2
查询第0页
查询第1页
共29条记录
处理公寓5数据，page_num=1
查询第0页
共14条记录
处理公寓7数据，page_num=2
查询第0页
查询第1页
共33条记录
当前日期 2025-07-03 大于目标日期 2025-06-01，请注册后使用
登录成功！
数据处理中，具体进度如下：
处理公寓11数据，page_num=1
查询第0页
共17条记录
处理公寓12数据，page_num=1
查询第0页
共6条记录
当前日期 2025-07-03 大于目标日期 2025-06-01，请注册后使用
登录成功！
数据处理中，具体进度如下：
处理公寓4数据，page_num=1
查询第0页
共15条记录
处理公寓5数据，page_num=1
查询第0页
共9条记录
处理公寓7数据，page_num=1
查询第0页
共13条记录
当前日期 2025-07-04 大于目标日期 2025-06-01，请注册后使用
登录成功！
数据处理中，具体进度如下：
处理公寓11数据，page_num=2
查询第0页
查询第1页
共23条记录
处理公寓12数据，page_num=2
查询第0页
查询第1页
共23条记录
当前日期 2025-07-04 大于目标日期 2025-06-01，请注册后使用
登录成功！
数据处理中，具体进度如下：
处理公寓4数据，page_num=1
查询第0页
共12条记录
处理公寓5数据，page_num=2
查询第0页
查询第1页
共22条记录
处理公寓7数据，page_num=1
查询第0页
共20条记录
当前日期 2025-07-05 大于目标日期 2025-06-01，请注册后使用
登录成功！
数据处理中，具体进度如下：
处理公寓11数据，page_num=2
查询第0页
查询第1页
共26条记录
处理公寓12数据，page_num=3
查询第0页
查询第1页
查询第2页
共46条记录
当前日期 2025-07-05 大于目标日期 2025-06-01，请注册后使用
登录成功！
数据处理中，具体进度如下：
处理公寓4数据，page_num=2
查询第0页
查询第1页
共25条记录
处理公寓5数据，page_num=1
查询第0页
共19条记录
处理公寓7数据，page_num=2
查询第0页
查询第1页
共35条记录
当前日期 2025-07-05 大于目标日期 2025-06-01，请注册后使用
登录成功！
数据处理中，具体进度如下：
处理公寓4数据，page_num=2
查询第0页
查询第1页
共25条记录
处理公寓5数据，page_num=1
查询第0页
共19条记录
处理公寓7数据，page_num=2
查询第0页
查询第1页
共35条记录
当前日期 2025-07-06 大于目标日期 2025-06-01，请注册后使用
登录成功！
数据处理中，具体进度如下：
当前日期 2025-07-06 大于目标日期 2025-06-01，请注册后使用
登录成功！
数据处理中，具体进度如下：
当前日期 2025-07-06 大于目标日期 2025-06-01，请注册后使用
登录成功！
数据处理中，具体进度如下：
处理公寓11数据，page_num=1
查询第0页
共15条记录
处理公寓12数据，page_num=2
查询第0页
查询第1页
共25条记录
当前日期 2025-07-06 大于目标日期 2025-06-01，请注册后使用
登录成功！
数据处理中，具体进度如下：
处理公寓4数据，page_num=1
查询第0页
共14条记录
处理公寓5数据，page_num=1
查询第0页
共10条记录
处理公寓7数据，page_num=2
查询第0页
查询第1页
共34条记录
当前日期 2025-07-07 大于目标日期 2025-06-01，请注册后使用
登录成功！
数据处理中，具体进度如下：
处理公寓11数据，page_num=1
查询第0页
共18条记录
处理公寓12数据，page_num=2
查询第0页
查询第1页
共28条记录
当前日期 2025-07-07 大于目标日期 2025-06-01，请注册后使用
登录成功！
数据处理中，具体进度如下：
处理公寓4数据，page_num=2
查询第0页
查询第1页
共25条记录
处理公寓5数据，page_num=2
查询第0页
查询第1页
共23条记录
处理公寓7数据，page_num=3
查询第0页
查询第1页
查询第2页
共45条记录
当前日期 2025-07-08 大于目标日期 2025-06-01，请注册后使用
登录成功！
数据处理中，具体进度如下：
处理公寓11数据，page_num=2
查询第0页
查询第1页
共21条记录
处理公寓12数据，page_num=3
查询第0页
查询第1页
查询第2页
共44条记录
当前日期 2025-07-08 大于目标日期 2025-06-01，请注册后使用
登录成功！
数据处理中，具体进度如下：
处理公寓4数据，page_num=2
查询第0页
查询第1页
共21条记录
处理公寓5数据，page_num=2
查询第0页
查询第1页
共24条记录
处理公寓7数据，page_num=2
查询第0页
查询第1页
共26条记录
当前日期 2025-07-09 大于目标日期 2025-06-01，请注册后使用
登录成功！
数据处理中，具体进度如下：
处理公寓11数据，page_num=2
查询第0页
查询第1页
共27条记录
处理公寓12数据，page_num=2
查询第0页
查询第1页
共30条记录
当前日期 2025-07-09 大于目标日期 2025-06-01，请注册后使用
登录成功！
数据处理中，具体进度如下：
处理公寓4数据，page_num=2
查询第0页
查询第1页
共22条记录
处理公寓5数据，page_num=1
查询第0页
共16条记录
处理公寓7数据，page_num=2
查询第0页
查询第1页
共39条记录
当前日期 2025-07-10 大于目标日期 2025-06-01，请注册后使用
登录成功！
数据处理中，具体进度如下：
处理公寓11数据，page_num=2
查询第0页
查询第1页
共24条记录
处理公寓12数据，page_num=2
查询第0页
查询第1页
共35条记录
当前日期 2025-07-10 大于目标日期 2025-06-01，请注册后使用
登录成功！
数据处理中，具体进度如下：
处理公寓4数据，page_num=1
查询第0页
共17条记录
处理公寓5数据，page_num=2
查询第0页
查询第1页
共23条记录
处理公寓7数据，page_num=2
查询第0页
查询第1页
共37条记录
当前日期 2025-07-11 大于目标日期 2025-06-01，请注册后使用
登录成功！
数据处理中，具体进度如下：
处理公寓11数据，page_num=2
查询第0页
查询第1页
共24条记录
处理公寓12数据，page_num=2
查询第0页
查询第1页
共35条记录
当前日期 2025-07-11 大于目标日期 2025-06-01，请注册后使用
登录成功！
数据处理中，具体进度如下：
处理公寓4数据，page_num=2
查询第0页
查询第1页
共23条记录
处理公寓5数据，page_num=1
查询第0页
共19条记录
处理公寓7数据，page_num=3
查询第0页
查询第1页
查询第2页
共43条记录
当前日期 2025-07-12 大于目标日期 2025-06-01，请注册后使用
登录成功！
数据处理中，具体进度如下：
处理公寓4数据，page_num=1
查询第0页
共8条记录
处理公寓5数据，page_num=1
查询第0页
共14条记录
处理公寓7数据，page_num=2
查询第0页
查询第1页
共38条记录
当前日期 2025-07-12 大于目标日期 2025-06-01，请注册后使用
登录成功！
数据处理中，具体进度如下：
处理公寓11数据，page_num=2
查询第0页
查询第1页
共27条记录
处理公寓12数据，page_num=2
查询第0页
查询第1页
共22条记录
当前日期 2025-07-13 大于目标日期 2025-06-01，请注册后使用
登录成功！
数据处理中，具体进度如下：
处理公寓4数据，page_num=1
查询第0页
共14条记录
处理公寓5数据，page_num=2
查询第0页
查询第1页
共21条记录
处理公寓7数据，page_num=2
查询第0页
查询第1页
共33条记录
当前日期 2025-07-13 大于目标日期 2025-06-01，请注册后使用
登录成功！
数据处理中，具体进度如下：
处理公寓11数据，page_num=1
查询第0页
共16条记录
处理公寓12数据，page_num=1
查询第0页
共6条记录
当前日期 2025-07-13 大于目标日期 2025-06-01，请注册后使用
登录成功！
数据处理中，具体进度如下：
处理公寓4数据，page_num=1
查询第0页
共13条记录
处理公寓5数据，page_num=1
查询第0页
共14条记录
处理公寓7数据，page_num=2
查询第0页
查询第1页
共24条记录
当前日期 2025-07-14 大于目标日期 2025-06-01，请注册后使用
登录成功！
数据处理中，具体进度如下：
处理公寓11数据，page_num=1
查询第0页
共18条记录
处理公寓12数据，page_num=1
查询第0页
共9条记录
当前日期 2025-07-14 大于目标日期 2025-06-01，请注册后使用
登录成功！
数据处理中，具体进度如下：
处理公寓4数据，page_num=1
查询第0页
共14条记录
处理公寓5数据，page_num=1
查询第0页
共18条记录
处理公寓7数据，page_num=3
查询第0页
查询第1页
查询第2页
共46条记录
当前日期 2025-07-15 大于目标日期 2025-06-01，请注册后使用
登录成功！
数据处理中，具体进度如下：
处理公寓11数据，page_num=2
查询第0页
查询第1页
共31条记录
处理公寓12数据，page_num=2
查询第0页
查询第1页
共24条记录
当前日期 2025-07-15 大于目标日期 2025-06-01，请注册后使用
Traceback (most recent call last):
  File "/usr/local/lib/python3.9/site-packages/urllib3/connectionpool.py", line 534, in _make_request
    response = conn.getresponse()
  File "/usr/local/lib/python3.9/site-packages/urllib3/connection.py", line 516, in getresponse
    httplib_response = super().getresponse()
  File "/usr/lib64/python3.9/http/client.py", line 1349, in getresponse
    response.begin()
  File "/usr/lib64/python3.9/http/client.py", line 316, in begin
    version, status, reason = self._read_status()
  File "/usr/lib64/python3.9/http/client.py", line 277, in _read_status
    line = str(self.fp.readline(_MAXLINE + 1), "iso-8859-1")
  File "/usr/lib64/python3.9/socket.py", line 704, in readinto
    return self._sock.recv_into(b)
socket.timeout: timed out

The above exception was the direct cause of the following exception:

Traceback (most recent call last):
  File "/myApps/edu-flask/get_excel_data_curr/main.py", line 68, in process
    driver.get(login_url)
  File "/usr/local/lib/python3.9/site-packages/selenium/webdriver/remote/webdriver.py", line 473, in get
    self.execute(Command.GET, {"url": url})
  File "/usr/local/lib/python3.9/site-packages/selenium/webdriver/remote/webdriver.py", line 446, in execute
    response = self.command_executor.execute(driver_command, params)
  File "/usr/local/lib/python3.9/site-packages/selenium/webdriver/remote/remote_connection.py", line 404, in execute
    return self._request(command_info[0], url, body=data)
  File "/usr/local/lib/python3.9/site-packages/selenium/webdriver/remote/remote_connection.py", line 428, in _request
    response = self._conn.request(method, url, body=body, headers=headers, timeout=self._client_config.timeout)
  File "/usr/local/lib/python3.9/site-packages/urllib3/_request_methods.py", line 143, in request
    return self.request_encode_body(
  File "/usr/local/lib/python3.9/site-packages/urllib3/_request_methods.py", line 278, in request_encode_body
    return self.urlopen(method, url, **extra_kw)
  File "/usr/local/lib/python3.9/site-packages/urllib3/poolmanager.py", line 443, in urlopen
    response = conn.urlopen(method, u.request_uri, **kw)
  File "/usr/local/lib/python3.9/site-packages/urllib3/connectionpool.py", line 841, in urlopen
    retries = retries.increment(
  File "/usr/local/lib/python3.9/site-packages/urllib3/util/retry.py", line 474, in increment
    raise reraise(type(error), error, _stacktrace)
  File "/usr/local/lib/python3.9/site-packages/urllib3/util/util.py", line 39, in reraise
    raise value
  File "/usr/local/lib/python3.9/site-packages/urllib3/connectionpool.py", line 787, in urlopen
    response = self._make_request(
  File "/usr/local/lib/python3.9/site-packages/urllib3/connectionpool.py", line 536, in _make_request
    self._raise_timeout(err=e, url=url, timeout_value=read_timeout)
  File "/usr/local/lib/python3.9/site-packages/urllib3/connectionpool.py", line 367, in _raise_timeout
    raise ReadTimeoutError(
urllib3.exceptions.ReadTimeoutError: HTTPConnectionPool(host='localhost', port=39353): Read timed out. (read timeout=120)
Traceback (most recent call last):
  File "/usr/local/lib/python3.9/site-packages/urllib3/connectionpool.py", line 534, in _make_request
    response = conn.getresponse()
  File "/usr/local/lib/python3.9/site-packages/urllib3/connection.py", line 516, in getresponse
    httplib_response = super().getresponse()
  File "/usr/lib64/python3.9/http/client.py", line 1349, in getresponse
    response.begin()
  File "/usr/lib64/python3.9/http/client.py", line 316, in begin
    version, status, reason = self._read_status()
  File "/usr/lib64/python3.9/http/client.py", line 277, in _read_status
    line = str(self.fp.readline(_MAXLINE + 1), "iso-8859-1")
  File "/usr/lib64/python3.9/socket.py", line 704, in readinto
    return self._sock.recv_into(b)
socket.timeout: timed out

The above exception was the direct cause of the following exception:

Traceback (most recent call last):
  File "/myApps/edu-flask/get_excel_data_curr/main.py", line 68, in process
    driver.get(login_url)
  File "/usr/local/lib/python3.9/site-packages/selenium/webdriver/remote/webdriver.py", line 473, in get
    self.execute(Command.GET, {"url": url})
  File "/usr/local/lib/python3.9/site-packages/selenium/webdriver/remote/webdriver.py", line 446, in execute
    response = self.command_executor.execute(driver_command, params)
  File "/usr/local/lib/python3.9/site-packages/selenium/webdriver/remote/remote_connection.py", line 404, in execute
    return self._request(command_info[0], url, body=data)
  File "/usr/local/lib/python3.9/site-packages/selenium/webdriver/remote/remote_connection.py", line 428, in _request
    response = self._conn.request(method, url, body=body, headers=headers, timeout=self._client_config.timeout)
  File "/usr/local/lib/python3.9/site-packages/urllib3/_request_methods.py", line 143, in request
    return self.request_encode_body(
  File "/usr/local/lib/python3.9/site-packages/urllib3/_request_methods.py", line 278, in request_encode_body
    return self.urlopen(method, url, **extra_kw)
  File "/usr/local/lib/python3.9/site-packages/urllib3/poolmanager.py", line 443, in urlopen
    response = conn.urlopen(method, u.request_uri, **kw)
  File "/usr/local/lib/python3.9/site-packages/urllib3/connectionpool.py", line 841, in urlopen
    retries = retries.increment(
  File "/usr/local/lib/python3.9/site-packages/urllib3/util/retry.py", line 474, in increment
    raise reraise(type(error), error, _stacktrace)
  File "/usr/local/lib/python3.9/site-packages/urllib3/util/util.py", line 39, in reraise
    raise value
  File "/usr/local/lib/python3.9/site-packages/urllib3/connectionpool.py", line 787, in urlopen
    response = self._make_request(
  File "/usr/local/lib/python3.9/site-packages/urllib3/connectionpool.py", line 536, in _make_request
    self._raise_timeout(err=e, url=url, timeout_value=read_timeout)
  File "/usr/local/lib/python3.9/site-packages/urllib3/connectionpool.py", line 367, in _raise_timeout
    raise ReadTimeoutError(
urllib3.exceptions.ReadTimeoutError: HTTPConnectionPool(host='localhost', port=51283): Read timed out. (read timeout=120)
Traceback (most recent call last):
  File "/usr/local/lib/python3.9/site-packages/urllib3/connectionpool.py", line 534, in _make_request
    response = conn.getresponse()
  File "/usr/local/lib/python3.9/site-packages/urllib3/connection.py", line 516, in getresponse
    httplib_response = super().getresponse()
  File "/usr/lib64/python3.9/http/client.py", line 1349, in getresponse
    response.begin()
  File "/usr/lib64/python3.9/http/client.py", line 316, in begin
    version, status, reason = self._read_status()
  File "/usr/lib64/python3.9/http/client.py", line 277, in _read_status
    line = str(self.fp.readline(_MAXLINE + 1), "iso-8859-1")
  File "/usr/lib64/python3.9/socket.py", line 704, in readinto
    return self._sock.recv_into(b)
socket.timeout: timed out

The above exception was the direct cause of the following exception:

Traceback (most recent call last):
  File "/myApps/edu-flask/get_excel_data_curr/main.py", line 68, in process
    driver.get(login_url)
  File "/usr/local/lib/python3.9/site-packages/selenium/webdriver/remote/webdriver.py", line 473, in get
    self.execute(Command.GET, {"url": url})
  File "/usr/local/lib/python3.9/site-packages/selenium/webdriver/remote/webdriver.py", line 446, in execute
    response = self.command_executor.execute(driver_command, params)
  File "/usr/local/lib/python3.9/site-packages/selenium/webdriver/remote/remote_connection.py", line 404, in execute
    return self._request(command_info[0], url, body=data)
  File "/usr/local/lib/python3.9/site-packages/selenium/webdriver/remote/remote_connection.py", line 428, in _request
    response = self._conn.request(method, url, body=body, headers=headers, timeout=self._client_config.timeout)
  File "/usr/local/lib/python3.9/site-packages/urllib3/_request_methods.py", line 143, in request
    return self.request_encode_body(
  File "/usr/local/lib/python3.9/site-packages/urllib3/_request_methods.py", line 278, in request_encode_body
    return self.urlopen(method, url, **extra_kw)
  File "/usr/local/lib/python3.9/site-packages/urllib3/poolmanager.py", line 443, in urlopen
    response = conn.urlopen(method, u.request_uri, **kw)
  File "/usr/local/lib/python3.9/site-packages/urllib3/connectionpool.py", line 841, in urlopen
    retries = retries.increment(
  File "/usr/local/lib/python3.9/site-packages/urllib3/util/retry.py", line 474, in increment
    raise reraise(type(error), error, _stacktrace)
  File "/usr/local/lib/python3.9/site-packages/urllib3/util/util.py", line 39, in reraise
    raise value
  File "/usr/local/lib/python3.9/site-packages/urllib3/connectionpool.py", line 787, in urlopen
    response = self._make_request(
  File "/usr/local/lib/python3.9/site-packages/urllib3/connectionpool.py", line 536, in _make_request
    self._raise_timeout(err=e, url=url, timeout_value=read_timeout)
  File "/usr/local/lib/python3.9/site-packages/urllib3/connectionpool.py", line 367, in _raise_timeout
    raise ReadTimeoutError(
urllib3.exceptions.ReadTimeoutError: HTTPConnectionPool(host='localhost', port=51959): Read timed out. (read timeout=120)
Traceback (most recent call last):
  File "/usr/local/lib/python3.9/site-packages/urllib3/connectionpool.py", line 534, in _make_request
    response = conn.getresponse()
  File "/usr/local/lib/python3.9/site-packages/urllib3/connection.py", line 516, in getresponse
    httplib_response = super().getresponse()
  File "/usr/lib64/python3.9/http/client.py", line 1349, in getresponse
    response.begin()
  File "/usr/lib64/python3.9/http/client.py", line 316, in begin
    version, status, reason = self._read_status()
  File "/usr/lib64/python3.9/http/client.py", line 277, in _read_status
    line = str(self.fp.readline(_MAXLINE + 1), "iso-8859-1")
  File "/usr/lib64/python3.9/socket.py", line 704, in readinto
    return self._sock.recv_into(b)
socket.timeout: timed out

The above exception was the direct cause of the following exception:

Traceback (most recent call last):
  File "/myApps/edu-flask/get_excel_data_curr/main.py", line 68, in process
    driver.get(login_url)
  File "/usr/local/lib/python3.9/site-packages/selenium/webdriver/remote/webdriver.py", line 473, in get
    self.execute(Command.GET, {"url": url})
  File "/usr/local/lib/python3.9/site-packages/selenium/webdriver/remote/webdriver.py", line 446, in execute
    response = self.command_executor.execute(driver_command, params)
  File "/usr/local/lib/python3.9/site-packages/selenium/webdriver/remote/remote_connection.py", line 404, in execute
    return self._request(command_info[0], url, body=data)
  File "/usr/local/lib/python3.9/site-packages/selenium/webdriver/remote/remote_connection.py", line 428, in _request
    response = self._conn.request(method, url, body=body, headers=headers, timeout=self._client_config.timeout)
  File "/usr/local/lib/python3.9/site-packages/urllib3/_request_methods.py", line 143, in request
    return self.request_encode_body(
  File "/usr/local/lib/python3.9/site-packages/urllib3/_request_methods.py", line 278, in request_encode_body
    return self.urlopen(method, url, **extra_kw)
  File "/usr/local/lib/python3.9/site-packages/urllib3/poolmanager.py", line 443, in urlopen
    response = conn.urlopen(method, u.request_uri, **kw)
  File "/usr/local/lib/python3.9/site-packages/urllib3/connectionpool.py", line 841, in urlopen
    retries = retries.increment(
  File "/usr/local/lib/python3.9/site-packages/urllib3/util/retry.py", line 474, in increment
    raise reraise(type(error), error, _stacktrace)
  File "/usr/local/lib/python3.9/site-packages/urllib3/util/util.py", line 39, in reraise
    raise value
  File "/usr/local/lib/python3.9/site-packages/urllib3/connectionpool.py", line 787, in urlopen
    response = self._make_request(
  File "/usr/local/lib/python3.9/site-packages/urllib3/connectionpool.py", line 536, in _make_request
    self._raise_timeout(err=e, url=url, timeout_value=read_timeout)
  File "/usr/local/lib/python3.9/site-packages/urllib3/connectionpool.py", line 367, in _raise_timeout
    raise ReadTimeoutError(
urllib3.exceptions.ReadTimeoutError: HTTPConnectionPool(host='localhost', port=34441): Read timed out. (read timeout=120)
Traceback (most recent call last):
  File "/usr/local/lib/python3.9/site-packages/urllib3/connectionpool.py", line 534, in _make_request
    response = conn.getresponse()
  File "/usr/local/lib/python3.9/site-packages/urllib3/connection.py", line 516, in getresponse
    httplib_response = super().getresponse()
  File "/usr/lib64/python3.9/http/client.py", line 1349, in getresponse
    response.begin()
  File "/usr/lib64/python3.9/http/client.py", line 316, in begin
    version, status, reason = self._read_status()
  File "/usr/lib64/python3.9/http/client.py", line 277, in _read_status
    line = str(self.fp.readline(_MAXLINE + 1), "iso-8859-1")
  File "/usr/lib64/python3.9/socket.py", line 704, in readinto
    return self._sock.recv_into(b)
socket.timeout: timed out

The above exception was the direct cause of the following exception:

Traceback (most recent call last):
  File "/myApps/edu-flask/get_excel_data_curr/main.py", line 68, in process
    driver.get(login_url)
  File "/usr/local/lib/python3.9/site-packages/selenium/webdriver/remote/webdriver.py", line 473, in get
    self.execute(Command.GET, {"url": url})
  File "/usr/local/lib/python3.9/site-packages/selenium/webdriver/remote/webdriver.py", line 446, in execute
    response = self.command_executor.execute(driver_command, params)
  File "/usr/local/lib/python3.9/site-packages/selenium/webdriver/remote/remote_connection.py", line 404, in execute
    return self._request(command_info[0], url, body=data)
  File "/usr/local/lib/python3.9/site-packages/selenium/webdriver/remote/remote_connection.py", line 428, in _request
    response = self._conn.request(method, url, body=body, headers=headers, timeout=self._client_config.timeout)
  File "/usr/local/lib/python3.9/site-packages/urllib3/_request_methods.py", line 143, in request
    return self.request_encode_body(
  File "/usr/local/lib/python3.9/site-packages/urllib3/_request_methods.py", line 278, in request_encode_body
    return self.urlopen(method, url, **extra_kw)
  File "/usr/local/lib/python3.9/site-packages/urllib3/poolmanager.py", line 443, in urlopen
    response = conn.urlopen(method, u.request_uri, **kw)
  File "/usr/local/lib/python3.9/site-packages/urllib3/connectionpool.py", line 841, in urlopen
    retries = retries.increment(
  File "/usr/local/lib/python3.9/site-packages/urllib3/util/retry.py", line 474, in increment
    raise reraise(type(error), error, _stacktrace)
  File "/usr/local/lib/python3.9/site-packages/urllib3/util/util.py", line 39, in reraise
    raise value
  File "/usr/local/lib/python3.9/site-packages/urllib3/connectionpool.py", line 787, in urlopen
    response = self._make_request(
  File "/usr/local/lib/python3.9/site-packages/urllib3/connectionpool.py", line 536, in _make_request
    self._raise_timeout(err=e, url=url, timeout_value=read_timeout)
  File "/usr/local/lib/python3.9/site-packages/urllib3/connectionpool.py", line 367, in _raise_timeout
    raise ReadTimeoutError(
urllib3.exceptions.ReadTimeoutError: HTTPConnectionPool(host='localhost', port=47077): Read timed out. (read timeout=120)
Traceback (most recent call last):
  File "/usr/local/lib/python3.9/site-packages/urllib3/connectionpool.py", line 534, in _make_request
    response = conn.getresponse()
  File "/usr/local/lib/python3.9/site-packages/urllib3/connection.py", line 516, in getresponse
    httplib_response = super().getresponse()
  File "/usr/lib64/python3.9/http/client.py", line 1349, in getresponse
    response.begin()
  File "/usr/lib64/python3.9/http/client.py", line 316, in begin
    version, status, reason = self._read_status()
  File "/usr/lib64/python3.9/http/client.py", line 277, in _read_status
    line = str(self.fp.readline(_MAXLINE + 1), "iso-8859-1")
  File "/usr/lib64/python3.9/socket.py", line 704, in readinto
    return self._sock.recv_into(b)
socket.timeout: timed out

The above exception was the direct cause of the following exception:

Traceback (most recent call last):
  File "/myApps/edu-flask/get_excel_data_curr/main.py", line 68, in process
    driver.get(login_url)
  File "/usr/local/lib/python3.9/site-packages/selenium/webdriver/remote/webdriver.py", line 473, in get
    self.execute(Command.GET, {"url": url})
  File "/usr/local/lib/python3.9/site-packages/selenium/webdriver/remote/webdriver.py", line 446, in execute
    response = self.command_executor.execute(driver_command, params)
  File "/usr/local/lib/python3.9/site-packages/selenium/webdriver/remote/remote_connection.py", line 404, in execute
    return self._request(command_info[0], url, body=data)
  File "/usr/local/lib/python3.9/site-packages/selenium/webdriver/remote/remote_connection.py", line 428, in _request
    response = self._conn.request(method, url, body=body, headers=headers, timeout=self._client_config.timeout)
  File "/usr/local/lib/python3.9/site-packages/urllib3/_request_methods.py", line 143, in request
    return self.request_encode_body(
  File "/usr/local/lib/python3.9/site-packages/urllib3/_request_methods.py", line 278, in request_encode_body
    return self.urlopen(method, url, **extra_kw)
  File "/usr/local/lib/python3.9/site-packages/urllib3/poolmanager.py", line 443, in urlopen
    response = conn.urlopen(method, u.request_uri, **kw)
  File "/usr/local/lib/python3.9/site-packages/urllib3/connectionpool.py", line 841, in urlopen
    retries = retries.increment(
  File "/usr/local/lib/python3.9/site-packages/urllib3/util/retry.py", line 474, in increment
    raise reraise(type(error), error, _stacktrace)
  File "/usr/local/lib/python3.9/site-packages/urllib3/util/util.py", line 39, in reraise
    raise value
  File "/usr/local/lib/python3.9/site-packages/urllib3/connectionpool.py", line 787, in urlopen
    response = self._make_request(
  File "/usr/local/lib/python3.9/site-packages/urllib3/connectionpool.py", line 536, in _make_request
    self._raise_timeout(err=e, url=url, timeout_value=read_timeout)
  File "/usr/local/lib/python3.9/site-packages/urllib3/connectionpool.py", line 367, in _raise_timeout
    raise ReadTimeoutError(
urllib3.exceptions.ReadTimeoutError: HTTPConnectionPool(host='localhost', port=49933): Read timed out. (read timeout=120)
Traceback (most recent call last):
  File "/usr/local/lib/python3.9/site-packages/urllib3/connectionpool.py", line 534, in _make_request
    response = conn.getresponse()
  File "/usr/local/lib/python3.9/site-packages/urllib3/connection.py", line 516, in getresponse
    httplib_response = super().getresponse()
  File "/usr/lib64/python3.9/http/client.py", line 1349, in getresponse
    response.begin()
  File "/usr/lib64/python3.9/http/client.py", line 316, in begin
    version, status, reason = self._read_status()
  File "/usr/lib64/python3.9/http/client.py", line 277, in _read_status
    line = str(self.fp.readline(_MAXLINE + 1), "iso-8859-1")
  File "/usr/lib64/python3.9/socket.py", line 704, in readinto
    return self._sock.recv_into(b)
socket.timeout: timed out

The above exception was the direct cause of the following exception:

Traceback (most recent call last):
  File "/myApps/edu-flask/get_excel_data_curr/main.py", line 68, in process
    driver.get(login_url)
  File "/usr/local/lib/python3.9/site-packages/selenium/webdriver/remote/webdriver.py", line 473, in get
    self.execute(Command.GET, {"url": url})
  File "/usr/local/lib/python3.9/site-packages/selenium/webdriver/remote/webdriver.py", line 446, in execute
    response = self.command_executor.execute(driver_command, params)
  File "/usr/local/lib/python3.9/site-packages/selenium/webdriver/remote/remote_connection.py", line 404, in execute
    return self._request(command_info[0], url, body=data)
  File "/usr/local/lib/python3.9/site-packages/selenium/webdriver/remote/remote_connection.py", line 428, in _request
    response = self._conn.request(method, url, body=body, headers=headers, timeout=self._client_config.timeout)
  File "/usr/local/lib/python3.9/site-packages/urllib3/_request_methods.py", line 143, in request
    return self.request_encode_body(
  File "/usr/local/lib/python3.9/site-packages/urllib3/_request_methods.py", line 278, in request_encode_body
    return self.urlopen(method, url, **extra_kw)
  File "/usr/local/lib/python3.9/site-packages/urllib3/poolmanager.py", line 443, in urlopen
    response = conn.urlopen(method, u.request_uri, **kw)
  File "/usr/local/lib/python3.9/site-packages/urllib3/connectionpool.py", line 841, in urlopen
    retries = retries.increment(
  File "/usr/local/lib/python3.9/site-packages/urllib3/util/retry.py", line 474, in increment
    raise reraise(type(error), error, _stacktrace)
  File "/usr/local/lib/python3.9/site-packages/urllib3/util/util.py", line 39, in reraise
    raise value
  File "/usr/local/lib/python3.9/site-packages/urllib3/connectionpool.py", line 787, in urlopen
    response = self._make_request(
  File "/usr/local/lib/python3.9/site-packages/urllib3/connectionpool.py", line 536, in _make_request
    self._raise_timeout(err=e, url=url, timeout_value=read_timeout)
  File "/usr/local/lib/python3.9/site-packages/urllib3/connectionpool.py", line 367, in _raise_timeout
    raise ReadTimeoutError(
urllib3.exceptions.ReadTimeoutError: HTTPConnectionPool(host='localhost', port=44831): Read timed out. (read timeout=120)
登录成功！
数据处理中，具体进度如下：
处理公寓4数据，page_num=1
查询第0页
共11条记录
处理公寓5数据，page_num=1
查询第0页
共10条记录
处理公寓7数据，page_num=2
查询第0页
查询第1页
共33条记录
当前日期 2025-07-16 大于目标日期 2025-06-01，请注册后使用
登录成功！
数据处理中，具体进度如下：
处理公寓11数据，page_num=1
查询第0页
共18条记录
处理公寓12数据，page_num=3
查询第0页
查询第1页
查询第2页
共46条记录
当前日期 2025-07-16 大于目标日期 2025-06-01，请注册后使用
登录成功！
数据处理中，具体进度如下：
处理公寓4数据，page_num=1
查询第0页
共18条记录
处理公寓5数据，page_num=1
查询第0页
共14条记录
处理公寓7数据，page_num=2
查询第0页
查询第1页
共39条记录
当前日期 2025-07-17 大于目标日期 2025-06-01，请注册后使用
登录成功！
数据处理中，具体进度如下：
处理公寓11数据，page_num=2
查询第0页
查询第1页
共31条记录
处理公寓12数据，page_num=2
查询第0页
查询第1页
共38条记录
当前日期 2025-07-17 大于目标日期 2025-06-01，请注册后使用
登录成功！
数据处理中，具体进度如下：
处理公寓4数据，page_num=1
查询第0页
共15条记录
处理公寓5数据，page_num=1
查询第0页
共9条记录
处理公寓7数据，page_num=3
查询第0页
查询第1页
查询第2页
共42条记录
当前日期 2025-07-18 大于目标日期 2025-06-01，请注册后使用
登录成功！
数据处理中，具体进度如下：
处理公寓11数据，page_num=2
查询第0页
查询第1页
共24条记录
处理公寓12数据，page_num=2
查询第0页
查询第1页
共36条记录
当前日期 2025-07-18 大于目标日期 2025-06-01，请注册后使用
登录成功！
数据处理中，具体进度如下：
处理公寓4数据，page_num=2
查询第0页
查询第1页
共21条记录
处理公寓5数据，page_num=1
查询第0页
共9条记录
处理公寓7数据，page_num=3
查询第0页
查询第1页
查询第2页
共42条记录
当前日期 2025-07-19 大于目标日期 2025-06-01，请注册后使用
登录成功！
数据处理中，具体进度如下：
处理公寓11数据，page_num=2
查询第0页
查询第1页
共34条记录
处理公寓12数据，page_num=2
查询第0页
查询第1页
共40条记录
当前日期 2025-07-19 大于目标日期 2025-06-01，请注册后使用
登录成功！
数据处理中，具体进度如下：
处理公寓4数据，page_num=2
查询第0页
查询第1页
共21条记录
处理公寓5数据，page_num=1
查询第0页
共15条记录
处理公寓7数据，page_num=2
查询第0页
查询第1页
共32条记录
当前日期 2025-07-20 大于目标日期 2025-06-01，请注册后使用
登录成功！
数据处理中，具体进度如下：
处理公寓11数据，page_num=1
查询第0页
共19条记录
处理公寓12数据，page_num=3
查询第0页
查询第1页
查询第2页
共41条记录
当前日期 2025-07-20 大于目标日期 2025-06-01，请注册后使用
登录成功！
数据处理中，具体进度如下：
处理公寓4数据，page_num=1
查询第0页
共12条记录
处理公寓5数据，page_num=1
查询第0页
共14条记录
处理公寓7数据，page_num=2
查询第0页
查询第1页
共36条记录
当前日期 2025-07-21 大于目标日期 2025-06-01，请注册后使用
登录成功！
数据处理中，具体进度如下：
处理公寓11数据，page_num=1
查询第0页
共14条记录
处理公寓12数据，page_num=2
查询第0页
查询第1页
共22条记录
当前日期 2025-07-21 大于目标日期 2025-06-01，请注册后使用
登录成功！
数据处理中，具体进度如下：
处理公寓4数据，page_num=1
查询第0页
共13条记录
处理公寓5数据，page_num=1
查询第0页
共19条记录
处理公寓7数据，page_num=2
查询第0页
查询第1页
共36条记录
当前日期 2025-07-22 大于目标日期 2025-06-01，请注册后使用
登录成功！
数据处理中，具体进度如下：
处理公寓4数据，page_num=1
查询第0页
共6条记录
处理公寓5数据，page_num=1
查询第0页
共9条记录
处理公寓7数据，page_num=3
查询第0页
查询第1页
查询第2页
共45条记录
当前日期 2025-07-22 大于目标日期 2025-06-01，请注册后使用
登录成功！
数据处理中，具体进度如下：
处理公寓11数据，page_num=2
查询第0页
查询第1页
共22条记录
处理公寓12数据，page_num=3
查询第0页
查询第1页
查询第2页
共49条记录
当前日期 2025-07-23 大于目标日期 2025-06-01，请注册后使用
登录成功！
数据处理中，具体进度如下：
处理公寓11数据，page_num=2
查询第0页
查询第1页
共28条记录
处理公寓12数据，page_num=2
查询第0页
查询第1页
共39条记录
当前日期 2025-07-23 大于目标日期 2025-06-01，请注册后使用
登录成功！
数据处理中，具体进度如下：
处理公寓4数据，page_num=1
查询第0页
共17条记录
处理公寓5数据，page_num=1
查询第0页
共19条记录
处理公寓7数据，page_num=2
查询第0页
查询第1页
共28条记录
当前日期 2025-07-24 大于目标日期 2025-06-01，请注册后使用
处理失败: HTTPConnectionPool(host='localhost', port=39353): Read timed out. (read timeout=120)
当前日期 2025-07-24 大于目标日期 2025-06-01，请注册后使用
当前日期 2025-07-24 大于目标日期 2025-06-01，请注册后使用
处理失败: HTTPConnectionPool(host='localhost', port=51283): Read timed out. (read timeout=120)
当前日期 2025-07-24 大于目标日期 2025-06-01，请注册后使用
处理失败: HTTPConnectionPool(host='localhost', port=51959): Read timed out. (read timeout=120)
当前日期 2025-07-24 大于目标日期 2025-06-01，请注册后使用
处理失败: HTTPConnectionPool(host='localhost', port=34441): Read timed out. (read timeout=120)
处理失败: HTTPConnectionPool(host='localhost', port=47077): Read timed out. (read timeout=120)
当前日期 2025-07-24 大于目标日期 2025-06-01，请注册后使用
处理失败: HTTPConnectionPool(host='localhost', port=49933): Read timed out. (read timeout=120)
当前日期 2025-07-24 大于目标日期 2025-06-01，请注册后使用
处理失败: HTTPConnectionPool(host='localhost', port=44831): Read timed out. (read timeout=120)
当前日期 2025-07-25 大于目标日期 2025-06-01，请注册后使用
登录成功！
数据处理中，具体进度如下：
处理公寓4数据，page_num=1
查询第0页
共16条记录
处理公寓5数据，page_num=1
查询第0页
共16条记录
处理公寓7数据，page_num=2
查询第0页
查询第1页
共33条记录
当前日期 2025-07-25 大于目标日期 2025-06-01，请注册后使用
登录成功！
数据处理中，具体进度如下：
处理公寓11数据，page_num=2
查询第0页
查询第1页
共24条记录
处理公寓12数据，page_num=2
查询第0页
查询第1页
共29条记录
当前日期 2025-07-26 大于目标日期 2025-06-01，请注册后使用
登录成功！
数据处理中，具体进度如下：
处理公寓4数据，page_num=1
查询第0页
共14条记录
处理公寓5数据，page_num=1
查询第0页
共10条记录
处理公寓7数据，page_num=2
查询第0页
查询第1页
共40条记录
当前日期 2025-07-26 大于目标日期 2025-06-01，请注册后使用
登录成功！
数据处理中，具体进度如下：
处理公寓11数据，page_num=2
查询第0页
查询第1页
共37条记录
处理公寓12数据，page_num=3
查询第0页
查询第1页
查询第2页
共46条记录
当前日期 2025-07-27 大于目标日期 2025-06-01，请注册后使用
登录成功！
数据处理中，具体进度如下：
处理公寓11数据，page_num=2
查询第0页
查询第1页
共21条记录
处理公寓12数据，page_num=3
查询第0页
查询第1页
查询第2页
共46条记录
当前日期 2025-07-27 大于目标日期 2025-06-01，请注册后使用
登录成功！
数据处理中，具体进度如下：
处理公寓4数据，page_num=1
查询第0页
共12条记录
处理公寓5数据，page_num=1
查询第0页
共17条记录
处理公寓7数据，page_num=3
查询第0页
查询第1页
查询第2页
共50条记录
当前日期 2025-07-28 大于目标日期 2025-06-01，请注册后使用
登录成功！
数据处理中，具体进度如下：
处理公寓11数据，page_num=1
查询第0页
共15条记录
处理公寓12数据，page_num=1
查询第0页
共7条记录
当前日期 2025-07-28 大于目标日期 2025-06-01，请注册后使用
登录成功！
数据处理中，具体进度如下：
处理公寓4数据，page_num=1
查询第0页
共4条记录
处理公寓5数据，page_num=1
查询第0页
共14条记录
处理公寓7数据，page_num=2
查询第0页
查询第1页
共26条记录
当前日期 2025-07-29 大于目标日期 2025-06-01，请注册后使用
登录成功！
数据处理中，具体进度如下：
处理公寓11数据，page_num=1
查询第0页
共15条记录
处理公寓12数据，page_num=2
查询第0页
查询第1页
共24条记录
当前日期 2025-07-29 大于目标日期 2025-06-01，请注册后使用
登录成功！
数据处理中，具体进度如下：
处理公寓4数据，page_num=1
查询第0页
共11条记录
处理公寓5数据，page_num=1
查询第0页
共16条记录
处理公寓7数据，page_num=2
查询第0页
查询第1页
共36条记录
当前日期 2025-07-30 大于目标日期 2025-06-01，请注册后使用
登录成功！
数据处理中，具体进度如下：
处理公寓4数据，page_num=1
查询第0页
共7条记录
处理公寓5数据，page_num=1
查询第0页
共15条记录
处理公寓7数据，page_num=2
查询第0页
查询第1页
共32条记录
当前日期 2025-07-30 大于目标日期 2025-06-01，请注册后使用
登录成功！
数据处理中，具体进度如下：
处理公寓11数据，page_num=1
查询第0页
共20条记录
处理公寓12数据，page_num=2
查询第0页
查询第1页
共26条记录
当前日期 2025-07-31 大于目标日期 2025-06-01，请注册后使用
登录成功！
数据处理中，具体进度如下：
处理公寓11数据，page_num=1
查询第0页
共12条记录
处理公寓12数据，page_num=2
查询第0页
查询第1页
共33条记录
当前日期 2025-07-31 大于目标日期 2025-06-01，请注册后使用
登录成功！
数据处理中，具体进度如下：
处理公寓4数据，page_num=1
查询第0页
共11条记录
处理公寓5数据，page_num=1
查询第0页
共15条记录
处理公寓7数据，page_num=2
查询第0页
查询第1页
共32条记录
当前日期 2025-08-01 大于目标日期 2025-06-01，请注册后使用
登录成功！
数据处理中，具体进度如下：
处理公寓11数据，page_num=1
查询第0页
共17条记录
处理公寓12数据，page_num=1
查询第0页
共4条记录
当前日期 2025-08-01 大于目标日期 2025-06-01，请注册后使用
登录成功！
数据处理中，具体进度如下：
处理公寓4数据，page_num=1
查询第0页
共11条记录
处理公寓5数据，page_num=1
查询第0页
共17条记录
处理公寓7数据，page_num=2
查询第0页
查询第1页
共33条记录
当前日期 2025-08-02 大于目标日期 2025-06-01，请注册后使用
登录成功！
数据处理中，具体进度如下：
处理公寓11数据，page_num=2
查询第0页
查询第1页
共21条记录
处理公寓12数据，page_num=2
查询第0页
查询第1页
共22条记录
当前日期 2025-08-02 大于目标日期 2025-06-01，请注册后使用
登录成功！
数据处理中，具体进度如下：
处理公寓4数据，page_num=1
查询第0页
共15条记录
处理公寓5数据，page_num=1
查询第0页
共8条记录
处理公寓7数据，page_num=2
查询第0页
查询第1页
共34条记录
当前日期 2025-08-03 大于目标日期 2025-06-01，请注册后使用
登录成功！
数据处理中，具体进度如下：
处理公寓4数据，page_num=1
查询第0页
共15条记录
处理公寓5数据，page_num=1
查询第0页
共12条记录
处理公寓7数据，page_num=2
查询第0页
查询第1页
共38条记录
当前日期 2025-08-03 大于目标日期 2025-06-01，请注册后使用
登录成功！
数据处理中，具体进度如下：
处理公寓11数据，page_num=1
查询第0页
共10条记录
处理公寓12数据，page_num=2
查询第0页
查询第1页
共24条记录
当前日期 2025-08-03 大于目标日期 2025-06-01，请注册后使用
登录成功！
数据处理中，具体进度如下：
处理公寓4数据，page_num=1
查询第0页
共10条记录
处理公寓5数据，page_num=1
查询第0页
共9条记录
处理公寓7数据，page_num=2
查询第0页
查询第1页
共29条记录
当前日期 2025-08-04 大于目标日期 2025-06-01，请注册后使用
登录成功！
数据处理中，具体进度如下：
处理公寓11数据，page_num=1
查询第0页
共11条记录
处理公寓12数据，page_num=1
查询第0页
共14条记录
当前日期 2025-08-04 大于目标日期 2025-06-01，请注册后使用
登录成功！
数据处理中，具体进度如下：
处理公寓4数据，page_num=1
查询第0页
共18条记录
处理公寓5数据，page_num=1
查询第0页
共12条记录
处理公寓7数据，page_num=1
查询第0页
共14条记录
当前日期 2025-08-04 大于目标日期 2025-06-01，请注册后使用
登录成功！
数据处理中，具体进度如下：
处理公寓4数据，page_num=1
查询第0页
共18条记录
处理公寓5数据，page_num=1
查询第0页
共12条记录
处理公寓7数据，page_num=1
查询第0页
共14条记录
当前日期 2025-08-05 大于目标日期 2025-06-01，请注册后使用
登录成功！
数据处理中，具体进度如下：
处理公寓11数据，page_num=1
查询第0页
共10条记录
处理公寓12数据，page_num=2
查询第0页
查询第1页
共25条记录
当前日期 2025-08-05 大于目标日期 2025-06-01，请注册后使用
登录成功！
数据处理中，具体进度如下：
处理公寓11数据，page_num=1
查询第0页
共10条记录
处理公寓12数据，page_num=2
查询第0页
查询第1页
共26条记录
当前日期 2025-08-05 大于目标日期 2025-06-01，请注册后使用
登录成功！
数据处理中，具体进度如下：
处理公寓4数据，page_num=1
查询第0页
共6条记录
处理公寓5数据，page_num=1
查询第0页
共9条记录
处理公寓7数据，page_num=2
查询第0页
查询第1页
共27条记录
当前日期 2025-08-06 大于目标日期 2025-06-01，请注册后使用
登录成功！
数据处理中，具体进度如下：
处理公寓4数据，page_num=1
查询第0页
共8条记录
处理公寓5数据，page_num=1
查询第0页
共11条记录
处理公寓7数据，page_num=2
查询第0页
查询第1页
共37条记录
当前日期 2025-08-06 大于目标日期 2025-06-01，请注册后使用
登录成功！
数据处理中，具体进度如下：
处理公寓11数据，page_num=1
查询第0页
共9条记录
处理公寓12数据，page_num=2
查询第0页
查询第1页
共28条记录
当前日期 2025-08-07 大于目标日期 2025-06-01，请注册后使用
登录成功！
数据处理中，具体进度如下：
处理公寓11数据，page_num=1
查询第0页
共13条记录
处理公寓12数据，page_num=2
查询第0页
查询第1页
共37条记录
当前日期 2025-08-07 大于目标日期 2025-06-01，请注册后使用
登录成功！
数据处理中，具体进度如下：
处理公寓4数据，page_num=1
查询第0页
共8条记录
处理公寓5数据，page_num=1
查询第0页
共12条记录
处理公寓7数据，page_num=2
查询第0页
查询第1页
共36条记录
当前日期 2025-08-08 大于目标日期 2025-06-01，请注册后使用
登录成功！
数据处理中，具体进度如下：
处理公寓11数据，page_num=1
查询第0页
共12条记录
处理公寓12数据，page_num=2
查询第0页
查询第1页
共25条记录
当前日期 2025-08-08 大于目标日期 2025-06-01，请注册后使用
登录成功！
数据处理中，具体进度如下：
处理公寓4数据，page_num=1
查询第0页
共6条记录
处理公寓5数据，page_num=1
查询第0页
共10条记录
处理公寓7数据，page_num=2
查询第0页
查询第1页
共33条记录
当前日期 2025-08-09 大于目标日期 2025-06-01，请注册后使用
登录成功！
数据处理中，具体进度如下：
处理公寓11数据，page_num=1
查询第0页
共6条记录
处理公寓12数据，page_num=1
查询第0页
共14条记录
当前日期 2025-08-09 大于目标日期 2025-06-01，请注册后使用
登录成功！
数据处理中，具体进度如下：
处理公寓4数据，page_num=1
查询第0页
共8条记录
处理公寓5数据，page_num=1
查询第0页
共11条记录
处理公寓7数据，page_num=1
查询第0页
共18条记录
当前日期 2025-08-10 大于目标日期 2025-06-01，请注册后使用
登录成功！
数据处理中，具体进度如下：
处理公寓11数据，page_num=1
查询第0页
共11条记录
处理公寓12数据，page_num=1
查询第0页
共20条记录
当前日期 2025-08-10 大于目标日期 2025-06-01，请注册后使用
登录成功！
数据处理中，具体进度如下：
处理公寓4数据，page_num=1
查询第0页
共11条记录
处理公寓5数据，page_num=2
查询第0页
查询第1页
共21条记录
处理公寓7数据，page_num=2
查询第0页
查询第1页
共25条记录
当前日期 2025-08-11 大于目标日期 2025-06-01，请注册后使用
登录成功！
数据处理中，具体进度如下：
处理公寓11数据，page_num=1
查询第0页
共7条记录
处理公寓12数据，page_num=1
查询第0页
共13条记录
当前日期 2025-08-11 大于目标日期 2025-06-01，请注册后使用
登录成功！
数据处理中，具体进度如下：
处理公寓4数据，page_num=1
查询第0页
共6条记录
处理公寓5数据，page_num=1
查询第0页
共16条记录
处理公寓7数据，page_num=2
查询第0页
查询第1页
共22条记录
当前日期 2025-08-12 大于目标日期 2025-06-01，请注册后使用
登录成功！
数据处理中，具体进度如下：
处理公寓4数据，page_num=1
查询第0页
共9条记录
处理公寓5数据，page_num=1
查询第0页
共10条记录
处理公寓7数据，page_num=1
查询第0页
共19条记录
当前日期 2025-08-12 大于目标日期 2025-06-01，请注册后使用
登录成功！
数据处理中，具体进度如下：
处理公寓4数据，page_num=1
查询第0页
共9条记录
处理公寓5数据，page_num=1
查询第0页
共10条记录
处理公寓7数据，page_num=1
查询第0页
共19条记录
当前日期 2025-08-12 大于目标日期 2025-06-01，请注册后使用
登录成功！
数据处理中，具体进度如下：
处理公寓11数据，page_num=1
查询第0页
共7条记录
处理公寓12数据，page_num=1
查询第0页
共13条记录
当前日期 2025-08-13 大于目标日期 2025-06-01，请注册后使用
登录成功！
数据处理中，具体进度如下：
处理公寓11数据，page_num=1
查询第0页
共6条记录
处理公寓12数据，page_num=1
查询第0页
共17条记录
当前日期 2025-08-13 大于目标日期 2025-06-01，请注册后使用
登录成功！
数据处理中，具体进度如下：
处理公寓4数据，page_num=1
查询第0页
共3条记录
处理公寓5数据，page_num=1
查询第0页
共8条记录
处理公寓7数据，page_num=1
查询第0页
共19条记录
当前日期 2025-08-14 大于目标日期 2025-06-01，请注册后使用
登录成功！
数据处理中，具体进度如下：
处理公寓11数据，page_num=1
查询第0页
共19条记录
处理公寓12数据，page_num=1
查询第0页
共17条记录
当前日期 2025-08-14 大于目标日期 2025-06-01，请注册后使用
登录成功！
数据处理中，具体进度如下：
处理公寓4数据，page_num=1
查询第0页
共8条记录
处理公寓5数据，page_num=1
查询第0页
共20条记录
处理公寓7数据，page_num=2
查询第0页
查询第1页
共27条记录
当前日期 2025-08-15 大于目标日期 2025-06-01，请注册后使用
登录成功！
数据处理中，具体进度如下：
处理公寓11数据，page_num=1
查询第0页
共9条记录
处理公寓12数据，page_num=1
查询第0页
共17条记录
当前日期 2025-08-15 大于目标日期 2025-06-01，请注册后使用
登录成功！
数据处理中，具体进度如下：
处理公寓4数据，page_num=1
查询第0页
共4条记录
处理公寓5数据，page_num=1
查询第0页
共8条记录
处理公寓7数据，page_num=2
查询第0页
查询第1页
共23条记录
当前日期 2025-08-16 大于目标日期 2025-06-01，请注册后使用
登录成功！
数据处理中，具体进度如下：
处理公寓11数据，page_num=1
查询第0页
共6条记录
处理公寓12数据，page_num=1
查询第0页
共6条记录
当前日期 2025-08-16 大于目标日期 2025-06-01，请注册后使用
登录成功！
数据处理中，具体进度如下：
处理公寓4数据，page_num=1
查询第0页
共4条记录
处理公寓5数据，page_num=1
查询第0页
共19条记录
处理公寓7数据，page_num=1
查询第0页
共10条记录
当前日期 2025-08-17 大于目标日期 2025-06-01，请注册后使用
登录成功！
数据处理中，具体进度如下：
处理公寓11数据，page_num=1
查询第0页
共13条记录
处理公寓12数据，page_num=1
查询第0页
共18条记录
当前日期 2025-08-17 大于目标日期 2025-06-01，请注册后使用
登录成功！
数据处理中，具体进度如下：
处理公寓4数据，page_num=1
查询第0页
共9条记录
处理公寓5数据，page_num=1
查询第0页
共14条记录
处理公寓7数据，page_num=1
查询第0页
共14条记录
当前日期 2025-08-18 大于目标日期 2025-06-01，请注册后使用
登录成功！
数据处理中，具体进度如下：
处理公寓11数据，page_num=1
查询第0页
共8条记录
处理公寓12数据，page_num=1
查询第0页
共9条记录
当前日期 2025-08-18 大于目标日期 2025-06-01，请注册后使用
登录成功！
数据处理中，具体进度如下：
处理公寓4数据，page_num=1
查询第0页
共12条记录
处理公寓5数据，page_num=1
查询第0页
共9条记录
处理公寓7数据，page_num=1
查询第0页
共16条记录
当前日期 2025-08-19 大于目标日期 2025-06-01，请注册后使用
登录成功！
数据处理中，具体进度如下：
处理公寓11数据，page_num=1
查询第0页
共6条记录
处理公寓12数据，page_num=1
查询第0页
共15条记录
当前日期 2025-08-19 大于目标日期 2025-06-01，请注册后使用
登录成功！
数据处理中，具体进度如下：
处理公寓4数据，page_num=1
查询第0页
共7条记录
处理公寓5数据，page_num=1
查询第0页
共10条记录
处理公寓7数据，page_num=1
查询第0页
共13条记录
当前日期 2025-08-19 大于目标日期 2025-06-01，请注册后使用
登录成功！
数据处理中，具体进度如下：
处理公寓4数据，page_num=1
查询第0页
共7条记录
处理公寓5数据，page_num=1
查询第0页
共10条记录
处理公寓7数据，page_num=1
查询第0页
共13条记录
当前日期 2025-08-20 大于目标日期 2025-06-01，请注册后使用
登录成功！
数据处理中，具体进度如下：
处理公寓4数据，page_num=1
查询第0页
共3条记录
处理公寓5数据，page_num=1
查询第0页
共6条记录
处理公寓7数据，page_num=1
查询第0页
共14条记录
当前日期 2025-08-20 大于目标日期 2025-06-01，请注册后使用
登录成功！
数据处理中，具体进度如下：
处理公寓11数据，page_num=1
查询第0页
共3条记录
处理公寓12数据，page_num=1
查询第0页
共6条记录
当前日期 2025-08-21 大于目标日期 2025-06-01，请注册后使用
登录成功！
数据处理中，具体进度如下：
处理公寓11数据，page_num=1
查询第0页
共6条记录
处理公寓12数据，page_num=1
查询第0页
共10条记录
当前日期 2025-08-21 大于目标日期 2025-06-01，请注册后使用
登录成功！
数据处理中，具体进度如下：
处理公寓4数据，page_num=1
查询第0页
共2条记录
处理公寓5数据，page_num=1
查询第0页
共7条记录
处理公寓7数据，page_num=2
查询第0页
查询第1页
共21条记录
当前日期 2025-08-22 大于目标日期 2025-06-01，请注册后使用
登录成功！
数据处理中，具体进度如下：
处理公寓11数据，page_num=1
查询第0页
共6条记录
处理公寓12数据，page_num=1
查询第0页
共5条记录
当前日期 2025-08-22 大于目标日期 2025-06-01，请注册后使用
登录成功！
数据处理中，具体进度如下：
处理公寓4数据，page_num=1
查询第0页
共2条记录
处理公寓5数据，page_num=1
查询第0页
共6条记录
处理公寓7数据，page_num=1
查询第0页
共16条记录
当前日期 2025-08-23 大于目标日期 2025-06-01，请注册后使用
登录成功！
数据处理中，具体进度如下：
处理公寓11数据，page_num=1
查询第0页
共4条记录
处理公寓12数据，page_num=1
查询第0页
共10条记录
当前日期 2025-08-23 大于目标日期 2025-06-01，请注册后使用
登录成功！
数据处理中，具体进度如下：
处理公寓4数据，page_num=1
查询第0页
共7条记录
处理公寓5数据，page_num=1
查询第0页
共13条记录
处理公寓7数据，page_num=1
查询第0页
共17条记录
当前日期 2025-08-24 大于目标日期 2025-06-01，请注册后使用
登录成功！
数据处理中，具体进度如下：
处理公寓4数据，page_num=1
查询第0页
共5条记录
处理公寓5数据，page_num=1
查询第0页
共8条记录
处理公寓7数据，page_num=1
查询第0页
共14条记录
当前日期 2025-08-24 大于目标日期 2025-06-01，请注册后使用
登录成功！
数据处理中，具体进度如下：
处理公寓11数据，page_num=1
查询第0页
共7条记录
处理公寓12数据，page_num=1
查询第0页
共15条记录
当前日期 2025-08-25 大于目标日期 2025-06-01，请注册后使用
登录成功！
数据处理中，具体进度如下：
处理公寓4数据，page_num=1
查询第0页
共8条记录
处理公寓5数据，page_num=1
查询第0页
共13条记录
处理公寓7数据，page_num=1
查询第0页
共13条记录
当前日期 2025-08-25 大于目标日期 2025-06-01，请注册后使用
登录成功！
数据处理中，具体进度如下：
处理公寓11数据，page_num=1
查询第0页
共9条记录
处理公寓12数据，page_num=1
查询第0页
共7条记录
当前日期 2025-08-26 大于目标日期 2025-06-01，请注册后使用
登录成功！
数据处理中，具体进度如下：
处理公寓4数据，page_num=1
查询第0页
共6条记录
处理公寓5数据，page_num=1
查询第0页
共6条记录
处理公寓7数据，page_num=1
查询第0页
共18条记录
当前日期 2025-08-26 大于目标日期 2025-06-01，请注册后使用
登录成功！
数据处理中，具体进度如下：
处理公寓11数据，page_num=1
查询第0页
共2条记录
处理公寓12数据，page_num=1
查询第0页
共9条记录
当前日期 2025-08-27 大于目标日期 2025-06-01，请注册后使用
登录成功！
数据处理中，具体进度如下：
处理公寓4数据，page_num=1
查询第0页
共12条记录
处理公寓5数据，page_num=1
查询第0页
共10条记录
处理公寓7数据，page_num=2
查询第0页
查询第1页
共24条记录
当前日期 2025-08-27 大于目标日期 2025-06-01，请注册后使用
登录成功！
数据处理中，具体进度如下：
处理公寓11数据，page_num=1
查询第0页
共10条记录
处理公寓12数据，page_num=1
查询第0页
共11条记录
当前日期 2025-08-28 大于目标日期 2025-06-01，请注册后使用
登录成功！
数据处理中，具体进度如下：
处理公寓11数据，page_num=1
查询第0页
共8条记录
处理公寓12数据，page_num=1
查询第0页
共12条记录
当前日期 2025-08-28 大于目标日期 2025-06-01，请注册后使用
登录成功！
数据处理中，具体进度如下：
处理公寓4数据，page_num=1
查询第0页
共12条记录
处理公寓5数据，page_num=1
查询第0页
共13条记录
处理公寓7数据，page_num=1
查询第0页
共14条记录
当前日期 2025-08-29 大于目标日期 2025-06-01，请注册后使用
登录成功！
数据处理中，具体进度如下：
处理公寓11数据，page_num=1
查询第0页
共2条记录
处理公寓12数据，page_num=1
查询第0页
共7条记录
当前日期 2025-08-29 大于目标日期 2025-06-01，请注册后使用
登录成功！
数据处理中，具体进度如下：
处理公寓4数据，page_num=1
查询第0页
共7条记录
处理公寓5数据，page_num=1
查询第0页
共14条记录
处理公寓7数据，page_num=2
查询第0页
查询第1页
共26条记录
当前日期 2025-08-30 大于目标日期 2025-06-01，请注册后使用
登录成功！
数据处理中，具体进度如下：
处理公寓4数据，page_num=1
查询第0页
共8条记录
处理公寓5数据，page_num=1
查询第0页
共13条记录
处理公寓7数据，page_num=1
查询第0页
共15条记录
当前日期 2025-08-30 大于目标日期 2025-06-01，请注册后使用
登录成功！
数据处理中，具体进度如下：
处理公寓11数据，page_num=1
查询第0页
共8条记录
处理公寓12数据，page_num=1
查询第0页
共10条记录
当前日期 2025-08-31 大于目标日期 2025-06-01，请注册后使用
登录成功！
数据处理中，具体进度如下：
处理公寓11数据，page_num=1
查询第0页
共15条记录
处理公寓12数据，page_num=2
查询第0页
查询第1页
共22条记录
当前日期 2025-08-31 大于目标日期 2025-06-01，请注册后使用
登录成功！
数据处理中，具体进度如下：
处理公寓4数据，page_num=1
查询第0页
共8条记录
处理公寓5数据，page_num=1
查询第0页
共9条记录
处理公寓7数据，page_num=1
查询第0页
共16条记录
当前日期 2025-09-01 大于目标日期 2025-06-01，请注册后使用
登录成功！
数据处理中，具体进度如下：
处理公寓11数据，page_num=1
查询第0页
共16条记录
处理公寓12数据，page_num=1
查询第0页
共13条记录
当前日期 2025-09-01 大于目标日期 2025-06-01，请注册后使用
登录成功！
数据处理中，具体进度如下：
处理公寓4数据，page_num=1
查询第0页
共5条记录
处理公寓5数据，page_num=1
查询第0页
共17条记录
处理公寓7数据，page_num=1
查询第0页
共9条记录
当前日期 2025-09-01 大于目标日期 2025-06-01，请注册后使用
登录成功！
数据处理中，具体进度如下：
处理公寓4数据，page_num=1
查询第0页
共5条记录
处理公寓5数据，page_num=1
查询第0页
共17条记录
处理公寓7数据，page_num=1
查询第0页
共9条记录
当前日期 2025-09-02 大于目标日期 2025-06-01，请注册后使用
登录成功！
数据处理中，具体进度如下：
处理公寓11数据，page_num=1
查询第0页
共7条记录
处理公寓12数据，page_num=1
查询第0页
共11条记录
当前日期 2025-09-02 大于目标日期 2025-06-01，请注册后使用
登录成功！
数据处理中，具体进度如下：
处理公寓4数据，page_num=1
查询第0页
共9条记录
处理公寓5数据，page_num=1
查询第0页
共13条记录
处理公寓7数据，page_num=1
查询第0页
共18条记录
当前日期 2025-09-03 大于目标日期 2025-06-01，请注册后使用
登录成功！
数据处理中，具体进度如下：
处理公寓11数据，page_num=1
查询第0页
共7条记录
处理公寓12数据，page_num=1
查询第0页
共11条记录
当前日期 2025-09-03 大于目标日期 2025-06-01，请注册后使用
登录成功！
数据处理中，具体进度如下：
处理公寓4数据，page_num=1
查询第0页
共8条记录
处理公寓5数据，page_num=1
查询第0页
共13条记录
处理公寓7数据，page_num=2
查询第0页
查询第1页
共23条记录
当前日期 2025-09-04 大于目标日期 2025-06-01，请注册后使用
登录成功！
数据处理中，具体进度如下：
处理公寓11数据，page_num=1
查询第0页
共10条记录
处理公寓12数据，page_num=2
查询第0页
查询第1页
共21条记录
当前日期 2025-09-04 大于目标日期 2025-06-01，请注册后使用
登录成功！
数据处理中，具体进度如下：
处理公寓4数据，page_num=1
查询第0页
共16条记录
处理公寓5数据，page_num=1
查询第0页
共16条记录
处理公寓7数据，page_num=2
查询第0页
查询第1页
共32条记录
当前日期 2025-09-05 大于目标日期 2025-06-01，请注册后使用
登录成功！
数据处理中，具体进度如下：
当前日期 2025-09-05 大于目标日期 2025-06-01，请注册后使用
登录成功！
数据处理中，具体进度如下：
当前日期 2025-09-05 大于目标日期 2025-06-01，请注册后使用
登录成功！
数据处理中，具体进度如下：
当前日期 2025-09-05 大于目标日期 2025-06-01，请注册后使用
登录成功！
数据处理中，具体进度如下：
处理公寓11数据，page_num=1
查询第0页
共13条记录
处理公寓12数据，page_num=1
查询第0页
共13条记录
当前日期 2025-09-05 大于目标日期 2025-06-01，请注册后使用
登录成功！
数据处理中，具体进度如下：
处理公寓4数据，page_num=1
查询第0页
共18条记录
处理公寓5数据，page_num=1
查询第0页
共15条记录
处理公寓7数据，page_num=2
查询第0页
查询第1页
共29条记录
当前日期 2025-09-06 大于目标日期 2025-06-01，请注册后使用
登录成功！
数据处理中，具体进度如下：
处理公寓11数据，page_num=1
查询第0页
共10条记录
处理公寓12数据，page_num=2
查询第0页
查询第1页
共23条记录
当前日期 2025-09-06 大于目标日期 2025-06-01，请注册后使用
登录成功！
数据处理中，具体进度如下：
处理公寓4数据，page_num=1
查询第0页
共17条记录
处理公寓5数据，page_num=2
查询第0页
查询第1页
共27条记录
处理公寓7数据，page_num=2
查询第0页
查询第1页
共31条记录
当前日期 2025-09-07 大于目标日期 2025-06-01，请注册后使用
登录成功！
数据处理中，具体进度如下：
处理公寓11数据，page_num=1
查询第0页
共4条记录
处理公寓12数据，page_num=1
查询第0页
共9条记录
当前日期 2025-09-07 大于目标日期 2025-06-01，请注册后使用
登录成功！
数据处理中，具体进度如下：
处理公寓4数据，page_num=1
查询第0页
共12条记录
处理公寓5数据，page_num=1
查询第0页
共14条记录
处理公寓7数据，page_num=2
查询第0页
查询第1页
共25条记录
当前日期 2025-09-08 大于目标日期 2025-06-01，请注册后使用
登录成功！
数据处理中，具体进度如下：
处理公寓4数据，page_num=1
查询第0页
共13条记录
处理公寓5数据，page_num=1
查询第0页
共12条记录
处理公寓7数据，page_num=2
查询第0页
查询第1页
共29条记录
当前日期 2025-09-08 大于目标日期 2025-06-01，请注册后使用
登录成功！
数据处理中，具体进度如下：
处理公寓11数据，page_num=1
查询第0页
共9条记录
处理公寓12数据，page_num=1
查询第0页
共15条记录
当前日期 2025-09-08 大于目标日期 2025-06-01，请注册后使用
登录成功！
数据处理中，具体进度如下：
处理公寓4数据，page_num=1
查询第0页
共13条记录
处理公寓5数据，page_num=1
查询第0页
共12条记录
处理公寓7数据，page_num=2
查询第0页
查询第1页
共29条记录
当前日期 2025-09-09 大于目标日期 2025-06-01，请注册后使用
登录成功！
数据处理中，具体进度如下：
处理公寓11数据，page_num=1
查询第0页
共17条记录
处理公寓12数据，page_num=1
查询第0页
共20条记录
当前日期 2025-09-09 大于目标日期 2025-06-01，请注册后使用
登录成功！
数据处理中，具体进度如下：
处理公寓4数据，page_num=1
查询第0页
共8条记录
处理公寓5数据，page_num=1
查询第0页
共14条记录
处理公寓7数据，page_num=2
查询第0页
查询第1页
共26条记录
当前日期 2025-09-10 大于目标日期 2025-06-01，请注册后使用
登录成功！
数据处理中，具体进度如下：
处理公寓11数据，page_num=1
查询第0页
共10条记录
处理公寓12数据，page_num=1
查询第0页
共14条记录
当前日期 2025-09-10 大于目标日期 2025-06-01，请注册后使用
登录成功！
数据处理中，具体进度如下：
处理公寓4数据，page_num=1
查询第0页
共14条记录
处理公寓5数据，page_num=2
查询第0页
查询第1页
共26条记录
处理公寓7数据，page_num=2
查询第0页
查询第1页
共30条记录
当前日期 2025-09-11 大于目标日期 2025-06-01，请注册后使用
登录成功！
数据处理中，具体进度如下：
处理公寓11数据，page_num=1
查询第0页
共14条记录
处理公寓12数据，page_num=2
查询第0页
查询第1页
共36条记录
当前日期 2025-09-11 大于目标日期 2025-06-01，请注册后使用
登录成功！
数据处理中，具体进度如下：
处理公寓4数据，page_num=1
查询第0页
共19条记录
处理公寓5数据，page_num=2
查询第0页
查询第1页
共31条记录
处理公寓7数据，page_num=2
查询第0页
查询第1页
共38条记录
当前日期 2025-09-12 大于目标日期 2025-06-01，请注册后使用
登录成功！
数据处理中，具体进度如下：
处理公寓11数据，page_num=2
查询第0页
查询第1页
共27条记录
处理公寓12数据，page_num=2
查询第0页
查询第1页
共36条记录
当前日期 2025-09-12 大于目标日期 2025-06-01，请注册后使用
登录成功！
数据处理中，具体进度如下：
处理公寓4数据，page_num=1
查询第0页
共14条记录
处理公寓5数据，page_num=2
查询第0页
查询第1页
共21条记录
处理公寓7数据，page_num=3
查询第0页
查询第1页
查询第2页
共47条记录
当前日期 2025-09-13 大于目标日期 2025-06-01，请注册后使用
登录成功！
数据处理中，具体进度如下：
处理公寓4数据，page_num=1
查询第0页
共15条记录
处理公寓5数据，page_num=2
查询第0页
查询第1页
共26条记录
处理公寓7数据，page_num=2
查询第0页
查询第1页
共26条记录
当前日期 2025-09-13 大于目标日期 2025-06-01，请注册后使用
登录成功！
数据处理中，具体进度如下：
处理公寓11数据，page_num=1
查询第0页
共16条记录
处理公寓12数据，page_num=2
查询第0页
查询第1页
共37条记录
当前日期 2025-09-13 大于目标日期 2025-06-01，请注册后使用
登录成功！
数据处理中，具体进度如下：
处理公寓11数据，page_num=1
查询第0页
共18条记录
处理公寓12数据，page_num=2
查询第0页
查询第1页
共38条记录
当前日期 2025-09-14 大于目标日期 2025-06-01，请注册后使用
登录成功！
数据处理中，具体进度如下：
处理公寓11数据，page_num=1
查询第0页
共11条记录
处理公寓12数据，page_num=2
查询第0页
查询第1页
共34条记录
当前日期 2025-09-14 大于目标日期 2025-06-01，请注册后使用
登录成功！
数据处理中，具体进度如下：
处理公寓4数据，page_num=2
查询第0页
查询第1页
共24条记录
处理公寓5数据，page_num=1
查询第0页
共15条记录
处理公寓7数据，page_num=2
查询第0页
查询第1页
共27条记录
当前日期 2025-09-14 大于目标日期 2025-06-01，请注册后使用
登录成功！
数据处理中，具体进度如下：
处理公寓4数据，page_num=2
查询第0页
查询第1页
共24条记录
处理公寓5数据，page_num=1
查询第0页
共15条记录
处理公寓7数据，page_num=2
查询第0页
查询第1页
共27条记录
当前日期 2025-09-15 大于目标日期 2025-06-01，请注册后使用
登录成功！
数据处理中，具体进度如下：
处理公寓11数据，page_num=1
查询第0页
共8条记录
处理公寓12数据，page_num=2
查询第0页
查询第1页
共26条记录
当前日期 2025-09-15 大于目标日期 2025-06-01，请注册后使用
登录成功！
数据处理中，具体进度如下：
处理公寓4数据，page_num=2
查询第0页
查询第1页
共25条记录
处理公寓5数据，page_num=2
查询第0页
查询第1页
共21条记录
处理公寓7数据，page_num=2
查询第0页
查询第1页
共27条记录
当前日期 2025-09-16 大于目标日期 2025-06-01，请注册后使用
登录成功！
数据处理中，具体进度如下：
处理公寓11数据，page_num=2
查询第0页
查询第1页
共27条记录
处理公寓12数据，page_num=2
查询第0页
查询第1页
共34条记录
当前日期 2025-09-16 大于目标日期 2025-06-01，请注册后使用
登录成功！
数据处理中，具体进度如下：
处理公寓4数据，page_num=1
查询第0页
共19条记录
处理公寓5数据，page_num=2
查询第0页
查询第1页
共31条记录
处理公寓7数据，page_num=3
查询第0页
查询第1页
查询第2页
共45条记录
当前日期 2025-09-17 大于目标日期 2025-06-01，请注册后使用
登录成功！
数据处理中，具体进度如下：
处理公寓11数据，page_num=2
查询第0页
查询第1页
共26条记录
处理公寓12数据，page_num=2
查询第0页
查询第1页
共36条记录
当前日期 2025-09-17 大于目标日期 2025-06-01，请注册后使用
登录成功！
数据处理中，具体进度如下：
处理公寓4数据，page_num=2
查询第0页
查询第1页
共37条记录
处理公寓5数据，page_num=2
查询第0页
查询第1页
共23条记录
处理公寓7数据，page_num=2
查询第0页
查询第1页
共29条记录
当前日期 2025-09-18 大于目标日期 2025-06-01，请注册后使用
登录成功！
数据处理中，具体进度如下：
处理公寓11数据，page_num=0
共0条记录
处理公寓12数据，page_num=0
共0条记录
当前日期 2025-09-18 大于目标日期 2025-06-01，请注册后使用
登录成功！
数据处理中，具体进度如下：
处理公寓4数据，page_num=0
共0条记录
处理公寓5数据，page_num=0
共0条记录
处理公寓7数据，page_num=0
共0条记录
当前日期 2025-09-18 大于目标日期 2025-06-01，请注册后使用
登录成功！
数据处理中，具体进度如下：
处理公寓4数据，page_num=2
查询第0页
查询第1页
共24条记录
处理公寓5数据，page_num=1
查询第0页
共19条记录
处理公寓7数据，page_num=2
查询第0页
查询第1页
共34条记录
当前日期 2025-09-19 大于目标日期 2025-06-01，请注册后使用
登录成功！
数据处理中，具体进度如下：
处理公寓11数据，page_num=2
查询第0页
查询第1页
共40条记录
处理公寓12数据，page_num=3
查询第0页
查询第1页
查询第2页
共52条记录
当前日期 2025-09-19 大于目标日期 2025-06-01，请注册后使用
登录成功！
数据处理中，具体进度如下：
处理公寓4数据，page_num=2
查询第0页
查询第1页
共22条记录
处理公寓5数据，page_num=2
查询第0页
查询第1页
共24条记录
处理公寓7数据，page_num=2
查询第0页
查询第1页
共29条记录
当前日期 2025-09-20 大于目标日期 2025-06-01，请注册后使用
登录成功！
数据处理中，具体进度如下：
处理公寓11数据，page_num=2
查询第0页
查询第1页
共40条记录
处理公寓12数据，page_num=3
查询第0页
查询第1页
查询第2页
共45条记录
当前日期 2025-09-20 大于目标日期 2025-06-01，请注册后使用
登录成功！
数据处理中，具体进度如下：
处理公寓4数据，page_num=1
查询第0页
共18条记录
处理公寓5数据，page_num=1
查询第0页
共18条记录
处理公寓7数据，page_num=2
查询第0页
查询第1页
共35条记录
当前日期 2025-09-20 大于目标日期 2025-06-01，请注册后使用
登录成功！
数据处理中，具体进度如下：
处理公寓4数据，page_num=1
查询第0页
共18条记录
处理公寓5数据，page_num=1
查询第0页
共18条记录
处理公寓7数据，page_num=2
查询第0页
查询第1页
共35条记录
当前日期 2025-09-21 大于目标日期 2025-06-01，请注册后使用
登录成功！
数据处理中，具体进度如下：
处理公寓4数据，page_num=2
查询第0页
查询第1页
共35条记录
处理公寓5数据，page_num=3
查询第0页
查询第1页
查询第2页
共49条记录
处理公寓7数据，page_num=3
查询第0页
查询第1页
查询第2页
共54条记录
当前日期 2025-09-21 大于目标日期 2025-06-01，请注册后使用
登录成功！
数据处理中，具体进度如下：
处理公寓11数据，page_num=2
查询第0页
查询第1页
共39条记录
处理公寓12数据，page_num=3
查询第0页
查询第1页
查询第2页
共57条记录
当前日期 2025-09-21 大于目标日期 2025-06-01，请注册后使用
登录成功！
数据处理中，具体进度如下：
处理公寓4数据，page_num=2
查询第0页
查询第1页
共22条记录
处理公寓5数据，page_num=2
查询第0页
查询第1页
共34条记录
处理公寓7数据，page_num=2
查询第0页
查询第1页
共39条记录
当前日期 2025-09-22 大于目标日期 2025-06-01，请注册后使用
登录成功！
数据处理中，具体进度如下：
处理公寓4数据，page_num=1
查询第0页
共13条记录
处理公寓5数据，page_num=2
查询第0页
查询第1页
共23条记录
处理公寓7数据，page_num=2
查询第0页
查询第1页
共36条记录
当前日期 2025-09-22 大于目标日期 2025-06-01，请注册后使用
登录成功！
数据处理中，具体进度如下：
处理公寓11数据，page_num=1
查询第0页
共19条记录
处理公寓12数据，page_num=2
查询第0页
查询第1页
共27条记录
当前日期 2025-09-23 大于目标日期 2025-06-01，请注册后使用
登录成功！
数据处理中，具体进度如下：
处理公寓11数据，page_num=2
查询第0页
查询第1页
共22条记录
处理公寓12数据，page_num=2
查询第0页
查询第1页
共40条记录
当前日期 2025-09-23 大于目标日期 2025-06-01，请注册后使用
登录成功！
数据处理中，具体进度如下：
处理公寓4数据，page_num=1
查询第0页
共20条记录
处理公寓5数据，page_num=2
查询第0页
查询第1页
共21条记录
处理公寓7数据，page_num=2
查询第0页
查询第1页
共32条记录
当前日期 2025-09-24 大于目标日期 2025-06-01，请注册后使用
登录成功！
数据处理中，具体进度如下：
处理公寓11数据，page_num=3
查询第0页
查询第1页
查询第2页
共47条记录
处理公寓12数据，page_num=3
查询第0页
查询第1页
查询第2页
共59条记录
当前日期 2025-09-24 大于目标日期 2025-06-01，请注册后使用
登录成功！
数据处理中，具体进度如下：
处理公寓4数据，page_num=1
查询第0页
共19条记录
处理公寓5数据，page_num=2
查询第0页
查询第1页
共28条记录
处理公寓7数据，page_num=2
查询第0页
查询第1页
共36条记录
当前日期 2025-09-25 大于目标日期 2025-06-01，请注册后使用
登录成功！
数据处理中，具体进度如下：
处理公寓11数据，page_num=2
查询第0页
查询第1页
共26条记录
处理公寓12数据，page_num=2
查询第0页
查询第1页
共28条记录
当前日期 2025-09-25 大于目标日期 2025-06-01，请注册后使用
登录成功！
数据处理中，具体进度如下：
处理公寓4数据，page_num=1
查询第0页
共16条记录
处理公寓5数据，page_num=2
查询第0页
查询第1页
共30条记录
处理公寓7数据，page_num=2
查询第0页
查询第1页
共27条记录
当前日期 2025-09-25 大于目标日期 2025-06-01，请注册后使用
登录成功！
数据处理中，具体进度如下：
处理公寓4数据，page_num=1
查询第0页
共16条记录
处理公寓5数据，page_num=2
查询第0页
查询第1页
共30条记录
处理公寓7数据，page_num=2
查询第0页
查询第1页
共27条记录
当前日期 2025-09-26 大于目标日期 2025-06-01，请注册后使用
登录成功！
数据处理中，具体进度如下：
处理公寓4数据，page_num=1
查询第0页
共17条记录
处理公寓5数据，page_num=1
查询第0页
共16条记录
处理公寓7数据，page_num=2
查询第0页
查询第1页
共35条记录
当前日期 2025-09-26 大于目标日期 2025-06-01，请注册后使用
登录成功！
数据处理中，具体进度如下：
处理公寓11数据，page_num=2
查询第0页
查询第1页
共27条记录
处理公寓12数据，page_num=1
查询第0页
共9条记录
当前日期 2025-09-27 大于目标日期 2025-06-01，请注册后使用
登录成功！
数据处理中，具体进度如下：
处理公寓11数据，page_num=2
查询第0页
查询第1页
共39条记录
处理公寓12数据，page_num=4
查询第0页
查询第1页
查询第2页
查询第3页
共73条记录
当前日期 2025-09-27 大于目标日期 2025-06-01，请注册后使用
登录成功！
数据处理中，具体进度如下：
处理公寓4数据，page_num=2
查询第0页
查询第1页
共27条记录
处理公寓5数据，page_num=3
查询第0页
查询第1页
查询第2页
共45条记录
处理公寓7数据，page_num=3
查询第0页
查询第1页
查询第2页
共43条记录
当前日期 2025-09-28 大于目标日期 2025-06-01，请注册后使用
登录成功！
数据处理中，具体进度如下：
处理公寓11数据，page_num=2
查询第0页
查询第1页
共34条记录
处理公寓12数据，page_num=3
查询第0页
查询第1页
查询第2页
共51条记录
当前日期 2025-09-28 大于目标日期 2025-06-01，请注册后使用
登录成功！
数据处理中，具体进度如下：
处理公寓4数据，page_num=2
查询第0页
查询第1页
共28条记录
处理公寓5数据，page_num=2
查询第0页
查询第1页
共30条记录
处理公寓7数据，page_num=3
查询第0页
查询第1页
查询第2页
共51条记录
当前日期 2025-09-29 大于目标日期 2025-06-01，请注册后使用
登录成功！
数据处理中，具体进度如下：
处理公寓11数据，page_num=2
查询第0页
查询第1页
共29条记录
处理公寓12数据，page_num=3
查询第0页
查询第1页
查询第2页
共45条记录
当前日期 2025-09-29 大于目标日期 2025-06-01，请注册后使用
登录成功！
数据处理中，具体进度如下：
处理公寓4数据，page_num=2
查询第0页
查询第1页
共22条记录
处理公寓5数据，page_num=2
查询第0页
查询第1页
共32条记录
处理公寓7数据，page_num=2
查询第0页
查询第1页
共28条记录
当前日期 2025-09-30 大于目标日期 2025-06-01，请注册后使用
登录成功！
数据处理中，具体进度如下：
处理公寓11数据，page_num=2
查询第0页
查询第1页
共26条记录
处理公寓12数据，page_num=1
查询第0页
共16条记录
当前日期 2025-09-30 大于目标日期 2025-06-01，请注册后使用
登录成功！
数据处理中，具体进度如下：
处理公寓4数据，page_num=2
查询第0页
查询第1页
共23条记录
处理公寓5数据，page_num=2
查询第0页
查询第1页
共30条记录
处理公寓7数据，page_num=2
查询第0页
查询第1页
共28条记录
当前日期 2025-09-30 大于目标日期 2025-06-01，请注册后使用
登录成功！
数据处理中，具体进度如下：
处理公寓4数据，page_num=2
查询第0页
查询第1页
共23条记录
处理公寓5数据，page_num=2
查询第0页
查询第1页
共30条记录
处理公寓7数据，page_num=2
查询第0页
查询第1页
共28条记录
当前日期 2025-10-01 大于目标日期 2025-06-01，请注册后使用
登录成功！
数据处理中，具体进度如下：
处理公寓11数据，page_num=2
查询第0页
查询第1页
共28条记录
处理公寓12数据，page_num=3
查询第0页
查询第1页
查询第2页
共53条记录
当前日期 2025-10-01 大于目标日期 2025-06-01，请注册后使用
登录成功！
数据处理中，具体进度如下：
处理公寓4数据，page_num=2
查询第0页
查询第1页
共24条记录
处理公寓5数据，page_num=3
查询第0页
查询第1页
查询第2页
共47条记录
处理公寓7数据，page_num=2
查询第0页
查询第1页
共33条记录
当前日期 2025-10-01 大于目标日期 2025-06-01，请注册后使用
登录成功！
数据处理中，具体进度如下：
处理公寓4数据，page_num=2
查询第0页
查询第1页
共24条记录
处理公寓5数据，page_num=3
查询第0页
查询第1页
查询第2页
共47条记录
处理公寓7数据，page_num=2
查询第0页
查询第1页
共33条记录
当前日期 2025-10-02 大于目标日期 2025-06-01，请注册后使用
登录成功！
数据处理中，具体进度如下：
处理公寓11数据，page_num=1
查询第0页
共13条记录
处理公寓12数据，page_num=1
查询第0页
共19条记录
当前日期 2025-10-02 大于目标日期 2025-06-01，请注册后使用
登录成功！
数据处理中，具体进度如下：
处理公寓4数据，page_num=2
查询第0页
查询第1页
共31条记录
处理公寓5数据，page_num=1
查询第0页
共17条记录
处理公寓7数据，page_num=1
查询第0页
共20条记录
当前日期 2025-10-03 大于目标日期 2025-06-01，请注册后使用
登录成功！
数据处理中，具体进度如下：
处理公寓11数据，page_num=1
查询第0页
共8条记录
处理公寓12数据，page_num=1
查询第0页
共20条记录
当前日期 2025-10-03 大于目标日期 2025-06-01，请注册后使用
登录成功！
数据处理中，具体进度如下：
处理公寓4数据，page_num=1
查询第0页
共17条记录
处理公寓5数据，page_num=2
查询第0页
查询第1页
共21条记录
处理公寓7数据，page_num=1
查询第0页
共15条记录
当前日期 2025-10-04 大于目标日期 2025-06-01，请注册后使用
登录成功！
数据处理中，具体进度如下：
处理公寓11数据，page_num=1
查询第0页
共8条记录
处理公寓12数据，page_num=1
查询第0页
共17条记录
当前日期 2025-10-04 大于目标日期 2025-06-01，请注册后使用
登录成功！
数据处理中，具体进度如下：
处理公寓4数据，page_num=1
查询第0页
共15条记录
处理公寓5数据，page_num=1
查询第0页
共20条记录
处理公寓7数据，page_num=1
查询第0页
共15条记录
当前日期 2025-10-05 大于目标日期 2025-06-01，请注册后使用
登录成功！
数据处理中，具体进度如下：
处理公寓11数据，page_num=1
查询第0页
共11条记录
处理公寓12数据，page_num=1
查询第0页
共15条记录
当前日期 2025-10-05 大于目标日期 2025-06-01，请注册后使用
登录成功！
数据处理中，具体进度如下：
处理公寓4数据，page_num=2
查询第0页
查询第1页
共25条记录
处理公寓5数据，page_num=2
查询第0页
查询第1页
共23条记录
处理公寓7数据，page_num=1
查询第0页
共17条记录
当前日期 2025-10-06 大于目标日期 2025-06-01，请注册后使用
登录成功！
数据处理中，具体进度如下：
处理公寓11数据，page_num=1
查询第0页
共11条记录
处理公寓12数据，page_num=1
查询第0页
共8条记录
当前日期 2025-10-06 大于目标日期 2025-06-01，请注册后使用
登录成功！
数据处理中，具体进度如下：
处理公寓4数据，page_num=1
查询第0页
共11条记录
处理公寓5数据，page_num=1
查询第0页
共17条记录
处理公寓7数据，page_num=1
查询第0页
共16条记录
当前日期 2025-10-07 大于目标日期 2025-06-01，请注册后使用
登录成功！
数据处理中，具体进度如下：
处理公寓11数据，page_num=1
查询第0页
共15条记录
处理公寓12数据，page_num=2
查询第0页
查询第1页
共21条记录
当前日期 2025-10-07 大于目标日期 2025-06-01，请注册后使用
登录成功！
数据处理中，具体进度如下：
处理公寓4数据，page_num=1
查询第0页
共16条记录
处理公寓5数据，page_num=1
查询第0页
共18条记录
处理公寓7数据，page_num=1
查询第0页
共17条记录
当前日期 2025-10-08 大于目标日期 2025-06-01，请注册后使用
登录成功！
数据处理中，具体进度如下：
处理公寓4数据，page_num=2
查询第0页
查询第1页
共27条记录
处理公寓5数据，page_num=2
查询第0页
查询第1页
共29条记录
处理公寓7数据，page_num=2
查询第0页
查询第1页
共21条记录
当前日期 2025-10-08 大于目标日期 2025-06-01，请注册后使用
登录成功！
数据处理中，具体进度如下：
处理公寓11数据，page_num=2
查询第0页
查询第1页
共21条记录
处理公寓12数据，page_num=1
查询第0页
共17条记录
当前日期 2025-10-08 大于目标日期 2025-06-01，请注册后使用
登录成功！
数据处理中，具体进度如下：
处理公寓4数据，page_num=2
查询第0页
查询第1页
共22条记录
处理公寓5数据，page_num=2
查询第0页
查询第1页
共25条记录
处理公寓7数据，page_num=1
查询第0页
共15条记录
当前日期 2025-10-09 大于目标日期 2025-06-01，请注册后使用
登录成功！
数据处理中，具体进度如下：
处理公寓11数据，page_num=1
查询第0页
共20条记录
处理公寓12数据，page_num=1
查询第0页
共17条记录
当前日期 2025-10-09 大于目标日期 2025-06-01，请注册后使用
登录成功！
数据处理中，具体进度如下：
处理公寓4数据，page_num=1
查询第0页
共16条记录
处理公寓5数据，page_num=2
查询第0页
查询第1页
共25条记录
处理公寓7数据，page_num=2
查询第0页
查询第1页
共22条记录
当前日期 2025-10-10 大于目标日期 2025-06-01，请注册后使用
登录成功！
数据处理中，具体进度如下：
处理公寓11数据，page_num=1
查询第0页
共18条记录
处理公寓12数据，page_num=1
查询第0页
共19条记录
当前日期 2025-10-10 大于目标日期 2025-06-01，请注册后使用
登录成功！
数据处理中，具体进度如下：
处理公寓4数据，page_num=1
查询第0页
共8条记录
处理公寓5数据，page_num=1
查询第0页
共16条记录
处理公寓7数据，page_num=2
查询第0页
查询第1页
共22条记录
当前日期 2025-10-10 大于目标日期 2025-06-01，请注册后使用
登录成功！
数据处理中，具体进度如下：
处理公寓4数据，page_num=1
查询第0页
共8条记录
处理公寓5数据，page_num=1
查询第0页
共16条记录
处理公寓7数据，page_num=2
查询第0页
查询第1页
共22条记录
当前日期 2025-10-11 大于目标日期 2025-06-01，请注册后使用
登录成功！
数据处理中，具体进度如下：
处理公寓11数据，page_num=1
查询第0页
共14条记录
处理公寓12数据，page_num=2
查询第0页
查询第1页
共26条记录
当前日期 2025-10-11 大于目标日期 2025-06-01，请注册后使用
登录成功！
数据处理中，具体进度如下：
处理公寓4数据，page_num=1
查询第0页
共17条记录
处理公寓5数据，page_num=1
查询第0页
共19条记录
处理公寓7数据，page_num=1
查询第0页
共20条记录
当前日期 2025-10-12 大于目标日期 2025-06-01，请注册后使用
登录成功！
数据处理中，具体进度如下：
处理公寓11数据，page_num=1
查询第0页
共19条记录
处理公寓12数据，page_num=2
查询第0页
查询第1页
共33条记录
当前日期 2025-10-12 大于目标日期 2025-06-01，请注册后使用
登录成功！
数据处理中，具体进度如下：
处理公寓4数据，page_num=2
查询第0页
查询第1页
共21条记录
处理公寓5数据，page_num=3
查询第0页
查询第1页
查询第2页
共45条记录
处理公寓7数据，page_num=2
查询第0页
查询第1页
共35条记录
当前日期 2025-10-13 大于目标日期 2025-06-01，请注册后使用
登录成功！
数据处理中，具体进度如下：
处理公寓11数据，page_num=1
查询第0页
共16条记录
处理公寓12数据，page_num=2
查询第0页
查询第1页
共26条记录
当前日期 2025-10-13 大于目标日期 2025-06-01，请注册后使用
登录成功！
数据处理中，具体进度如下：
处理公寓4数据，page_num=2
查询第0页
查询第1页
共22条记录
处理公寓5数据，page_num=2
查询第0页
查询第1页
共22条记录
处理公寓7数据，page_num=2
查询第0页
查询第1页
共29条记录
当前日期 2025-10-14 大于目标日期 2025-06-01，请注册后使用
登录成功！
数据处理中，具体进度如下：
处理公寓11数据，page_num=2
查询第0页
查询第1页
共29条记录
处理公寓12数据，page_num=3
查询第0页
查询第1页
查询第2页
共48条记录
当前日期 2025-10-14 大于目标日期 2025-06-01，请注册后使用
登录成功！
数据处理中，具体进度如下：
处理公寓4数据，page_num=1
查询第0页
共19条记录
处理公寓5数据，page_num=2
查询第0页
查询第1页
共23条记录
处理公寓7数据，page_num=3
查询第0页
查询第1页
查询第2页
共43条记录
当前日期 2025-10-15 大于目标日期 2025-06-01，请注册后使用
登录成功！
数据处理中，具体进度如下：
处理公寓11数据，page_num=2
查询第0页
查询第1页
共30条记录
处理公寓12数据，page_num=3
查询第0页
查询第1页
查询第2页
共50条记录
当前日期 2025-10-15 大于目标日期 2025-06-01，请注册后使用
登录成功！
数据处理中，具体进度如下：
处理公寓4数据，page_num=2
查询第0页
查询第1页
共23条记录
处理公寓5数据，page_num=2
查询第0页
查询第1页
共21条记录
处理公寓7数据，page_num=2
查询第0页
查询第1页
共35条记录
当前日期 2025-10-15 大于目标日期 2025-06-01，请注册后使用
登录成功！
数据处理中，具体进度如下：
处理公寓11数据，page_num=2
查询第0页
查询第1页
共27条记录
处理公寓12数据，page_num=3
查询第0页
查询第1页
查询第2页
共49条记录
当前日期 2025-10-16 大于目标日期 2025-06-01，请注册后使用
登录成功！
数据处理中，具体进度如下：
处理公寓12数据，page_num=3
查询第0页
查询第1页
查询第2页
共51条记录
当前日期 2025-10-16 大于目标日期 2025-06-01，请注册后使用
登录成功！
数据处理中，具体进度如下：
处理公寓4数据，page_num=3
查询第0页
查询第1页
查询第2页
共47条记录
处理公寓5数据，page_num=2
查询第0页
查询第1页
共33条记录
处理公寓7数据，page_num=3
查询第0页
查询第1页
查询第2页
共53条记录
当前日期 2025-10-17 大于目标日期 2025-06-01，请注册后使用
登录成功！
数据处理中，具体进度如下：
处理公寓4数据，page_num=2
查询第0页
查询第1页
共24条记录
处理公寓5数据，page_num=2
查询第0页
查询第1页
共27条记录
处理公寓7数据，page_num=3
查询第0页
查询第1页
查询第2页
共46条记录
当前日期 2025-10-18 大于目标日期 2025-06-01，请注册后使用
登录成功！
数据处理中，具体进度如下：
处理公寓4数据，page_num=2
查询第0页
查询第1页
共26条记录
处理公寓5数据，page_num=2
查询第0页
查询第1页
共39条记录
处理公寓7数据，page_num=2
查询第0页
查询第1页
共31条记录
当前日期 2025-10-19 大于目标日期 2025-06-01，请注册后使用
登录成功！
数据处理中，具体进度如下：
处理公寓4数据，page_num=2
查询第0页
查询第1页
共33条记录
处理公寓5数据，page_num=3
查询第0页
查询第1页
查询第2页
共48条记录
处理公寓7数据，page_num=3
查询第0页
查询第1页
查询第2页
共47条记录
当前日期 2025-10-20 大于目标日期 2025-06-01，请注册后使用
登录成功！
数据处理中，具体进度如下：
处理公寓4数据，page_num=2
查询第0页
查询第1页
共33条记录
处理公寓5数据，page_num=2
查询第0页
查询第1页
共37条记录
处理公寓7数据，page_num=3
查询第0页
查询第1页
查询第2页
共41条记录
当前日期 2025-10-21 大于目标日期 2025-06-01，请注册后使用
登录成功！
数据处理中，具体进度如下：
处理公寓4数据，page_num=2
查询第0页
查询第1页
共21条记录
处理公寓5数据，page_num=2
查询第0页
查询第1页
共25条记录
处理公寓7数据，page_num=3
查询第0页
查询第1页
查询第2页
共45条记录
当前日期 2025-10-22 大于目标日期 2025-06-01，请注册后使用
登录成功！
数据处理中，具体进度如下：
处理公寓4数据，page_num=1
查询第0页
/usr/local/lib/python3.9/site-packages/openpyxl/workbook/child.py:99: UserWarning: Title is more than 31 characters. Some applications may not be able to read the file
  warnings.warn("Title is more than 31 characters. Some applications may not be able to read the file")
Traceback (most recent call last):
  File "/myApps/edu-flask/get_excel_data_curr/main.py", line 123, in process
    file_name = gen_excel_data_v1(ret_dict, data['username'])
  File "/myApps/edu-flask/get_excel_data_curr/gen_excel_data_v1.py", line 99, in gen_excel_data_v1
    start = row['schoolInstituteName'][0:2]  # 开头的字符
KeyError: 'schoolInstituteName'
Traceback (most recent call last):
  File "/myApps/edu-flask/get_excel_data_curr/main.py", line 123, in process
    file_name = gen_excel_data_v1(ret_dict, data['username'])
  File "/myApps/edu-flask/get_excel_data_curr/gen_excel_data_v1.py", line 99, in gen_excel_data_v1
    start = row['schoolInstituteName'][0:2]  # 开头的字符
KeyError: 'schoolInstituteName'
共17条记录
处理公寓5数据，page_num=2
查询第0页
查询第1页
共23条记录
处理公寓7数据，page_num=4
查询第0页
查询第1页
查询第2页
查询第3页
共71条记录
当前日期 2025-10-23 大于目标日期 2025-06-01，请注册后使用
登录成功！
数据处理中，具体进度如下：
处理公寓4数据，page_num=2
查询第0页
查询第1页
共28条记录
处理公寓5数据，page_num=2
查询第0页
查询第1页
共22条记录
处理公寓7数据，page_num=2
查询第0页
查询第1页
共37条记录
当前日期 2025-10-24 大于目标日期 2025-06-01，请注册后使用
登录成功！
数据处理中，具体进度如下：
处理公寓4数据，page_num=2
查询第0页
查询第1页
共29条记录
处理公寓5数据，page_num=2
查询第0页
查询第1页
共22条记录
处理公寓7数据，page_num=3
查询第0页
查询第1页
查询第2页
共57条记录
当前日期 2025-10-25 大于目标日期 2025-06-01，请注册后使用
登录成功！
数据处理中，具体进度如下：
处理公寓4数据，page_num=2
查询第0页
查询第1页
共40条记录
处理公寓5数据，page_num=2
查询第0页
查询第1页
共33条记录
处理公寓7数据，page_num=2
查询第0页
查询第1页
共33条记录
当前日期 2025-10-26 大于目标日期 2025-06-01，请注册后使用
登录成功！
数据处理中，具体进度如下：
处理公寓4数据，page_num=2
查询第0页
查询第1页
共40条记录
处理公寓5数据，page_num=3
查询第0页
查询第1页
查询第2页
共51条记录
处理公寓7数据，page_num=3
查询第0页
查询第1页
查询第2页
共48条记录
当前日期 2025-10-27 大于目标日期 2025-06-01，请注册后使用
登录成功！
数据处理中，具体进度如下：
处理公寓4数据，page_num=2
查询第0页
查询第1页
共21条记录
处理公寓5数据，page_num=2
查询第0页
查询第1页
共37条记录
处理公寓7数据，page_num=2
查询第0页
查询第1页
共32条记录
当前日期 2025-10-28 大于目标日期 2025-06-01，请注册后使用
登录成功！
数据处理中，具体进度如下：
处理公寓4数据，page_num=2
查询第0页
查询第1页
共30条记录
处理公寓5数据，page_num=2
查询第0页
查询第1页
共25条记录
处理公寓7数据，page_num=3
查询第0页
查询第1页
查询第2页
共41条记录
当前日期 2025-10-28 大于目标日期 2025-06-01，请注册后使用
登录成功！
数据处理中，具体进度如下：
处理公寓6数据，page_num=1
查询第0页
共3条记录
处理公寓8数据，page_num=0
共0条记录
处理公寓9数据，page_num=0
共0条记录
当前日期 2025-10-28 大于目标日期 2025-06-01，请注册后使用
登录成功！
数据处理中，具体进度如下：
处理公寓1数据，page_num=0
共0条记录
处理公寓2数据，page_num=1
查询第0页
共3条记录
处理公寓3数据，page_num=1
查询第0页
共1条记录
处理公寓4数据，page_num=2
查询第0页
查询第1页
共30条记录
处理公寓5数据，page_num=2
查询第0页
查询第1页
共25条记录
处理公寓6数据，page_num=1
查询第0页
共3条记录
处理公寓7数据，page_num=3
查询第0页
查询第1页
查询第2页
共41条记录
处理公寓8数据，page_num=0
共0条记录
处理公寓9数据，page_num=0
共0条记录
处理公寓10数据，page_num=0
共0条记录
处理公寓11数据，page_num=1
查询第0页
共18条记录
处理公寓12数据，page_num=2
查询第0页
当前日期 2025-10-28 大于目标日期 2025-06-01，请注册后使用
查询第1页
共31条记录
处理公寓13数据，page_num=0
共0条记录
处理公寓14数据，page_num=0
共0条记录
处理失败: 'schoolInstituteName'
登录成功！
数据处理中，具体进度如下：
处理公寓1数据，page_num=0
共0条记录
处理公寓2数据，page_num=1
查询第0页
共3条记录
处理公寓3数据，page_num=1
查询第0页
共1条记录
处理公寓4数据，page_num=2
查询第0页
查询第1页
共30条记录
处理公寓5数据，page_num=2
查询第0页
查询第1页
共25条记录
处理公寓6数据，page_num=1
查询第0页
共3条记录
处理公寓7数据，page_num=3
查询第0页
查询第1页
查询第2页
共41条记录
处理公寓8数据，page_num=0
共0条记录
处理公寓9数据，page_num=0
共0条记录
处理公寓10数据，page_num=0
共0条记录
处理公寓11数据，page_num=1
查询第0页
共18条记录
处理公寓12数据，page_num=2
查询第0页
查询第1页
共31条记录
处理公寓13数据，page_num=0
共0条记录
处理公寓14数据，page_num=0
共0条记录
处理失败: 'schoolInstituteName'
当前日期 2025-10-28 大于目标日期 2025-06-01，请注册后使用
登录成功！
数据处理中，具体进度如下：
处理公寓4数据，page_num=2
查询第0页
查询第1页
共30条记录
处理公寓5数据，page_num=2
查询第0页
查询第1页
共25条记录
处理公寓6数据，page_num=1
查询第0页
共3条记录
处理公寓7数据，page_num=3
查询第0页
查询第1页
查询第2页
共41条记录
处理公寓8数据，page_num=0
共0条记录
处理公寓9数据，page_num=0
共0条记录
处理公寓10数据，page_num=0
共0条记录
当前日期 2025-10-29 大于目标日期 2025-06-01，请注册后使用
登录成功！
数据处理中，具体进度如下：
处理公寓4数据，page_num=2
查询第0页
查询第1页
共24条记录
处理公寓5数据，page_num=2
查询第0页
查询第1页
共24条记录
处理公寓7数据，page_num=2
查询第0页
查询第1页
共36条记录
当前日期 2025-10-30 大于目标日期 2025-06-01，请注册后使用
登录成功！
数据处理中，具体进度如下：
处理公寓4数据，page_num=2
查询第0页
查询第1页
共35条记录
处理公寓5数据，page_num=3
查询第0页
查询第1页
查询第2页
共49条记录
处理公寓7数据，page_num=3
查询第0页
查询第1页
查询第2页
共48条记录
当前日期 2025-10-31 大于目标日期 2025-06-01，请注册后使用
登录成功！
数据处理中，具体进度如下：
处理公寓4数据，page_num=2
查询第0页
查询第1页
共25条记录
处理公寓5数据，page_num=2
查询第0页
查询第1页
共30条记录
处理公寓7数据，page_num=3
查询第0页
查询第1页
查询第2页
共45条记录
当前日期 2025-11-01 大于目标日期 2025-06-01，请注册后使用
登录成功！
数据处理中，具体进度如下：
处理公寓4数据，page_num=2
查询第0页
查询第1页
共31条记录
处理公寓5数据，page_num=2
查询第0页
查询第1页
共34条记录
处理公寓7数据，page_num=3
查询第0页
查询第1页
查询第2页
共59条记录
当前日期 2025-11-02 大于目标日期 2025-06-01，请注册后使用
登录成功！
数据处理中，具体进度如下：
处理公寓4数据，page_num=2
查询第0页
查询第1页
共33条记录
处理公寓5数据，page_num=2
查询第0页
查询第1页
共33条记录
处理公寓7数据，page_num=3
查询第0页
查询第1页
查询第2页
共49条记录
当前日期 2025-11-03 大于目标日期 2025-06-01，请注册后使用
登录成功！
数据处理中，具体进度如下：
处理公寓4数据，page_num=2
查询第0页
查询第1页
共21条记录
处理公寓5数据，page_num=3
查询第0页
查询第1页
查询第2页
共42条记录
处理公寓7数据，page_num=2
查询第0页
查询第1页
共31条记录
当前日期 2025-11-04 大于目标日期 2025-06-01，请注册后使用
登录成功！
数据处理中，具体进度如下：
处理公寓4数据，page_num=2
查询第0页
查询第1页
共35条记录
处理公寓5数据，page_num=2
查询第0页
查询第1页
共34条记录
处理公寓7数据，page_num=3
查询第0页
查询第1页
查询第2页
共49条记录
当前日期 2025-11-05 大于目标日期 2025-06-01，请注册后使用
登录成功！
数据处理中，具体进度如下：
处理公寓4数据，page_num=2
查询第0页
查询第1页
共28条记录
处理公寓5数据，page_num=2
查询第0页
查询第1页
